
 LIST ALL SELECTED KEYPOINTS.   DSYS=      0

     NO.                X,Y,Z LOCATION                    THXY,THYZ,THZX ANGLES
       1  100000.0      0.000000      46000.00         0.0000   0.0000   0.0000
       2  100000.0      64000.03      46000.00         0.0000   0.0000   0.0000
       3  100000.0      64000.03      46000.00         0.0000   0.0000   0.0000
       4  100000.0     -64000.03      46000.00         0.0000   0.0000   0.0000
       5  100000.0      0.000000      68000.00         0.0000   0.0000   0.0000
       6  95946.42     0.4964198E-12  67921.04         0.0000   0.0000   0.0000
       7  35999.97     0.7837743E-11  46000.00         0.0000   0.0000   0.0000
       8  91899.00     0.9920865E-12  67684.29         0.0000   0.0000   0.0000
       9  87863.86     0.1486248E-11  67290.09         0.0000   0.0000   0.0000
      10  83847.14     0.1978155E-11  66739.06         0.0000   0.0000   0.0000
      11  79854.92     0.2467061E-11  66032.02         0.0000   0.0000   0.0000
      12  75893.26     0.2952224E-11  65170.06         0.0000   0.0000   0.0000
      13  71968.18     0.3432908E-11  64154.47         0.0000   0.0000   0.0000
      14  68085.62     0.3908384E-11  62986.79         0.0000   0.0000   0.0000
      15  64251.48     0.4377931E-11  61668.81         0.0000   0.0000   0.0000
      16  60471.58     0.4840835E-11  60202.51         0.0000   0.0000   0.0000
      17  56751.64     0.5296396E-11  58590.13         0.0000   0.0000   0.0000
      18  53097.32     0.5743922E-11  56834.10         0.0000   0.0000   0.0000
      19  49514.15     0.6182733E-11  54937.10         0.0000   0.0000   0.0000
      20  46007.57     0.6612165E-11  52902.00         0.0000   0.0000   0.0000

     NO.                X,Y,Z LOCATION                    THXY,THYZ,THZX ANGLES
      21  42582.91     0.7031566E-11  50731.89         0.0000   0.0000   0.0000
      22  39245.35     0.7440298E-11  48430.06         0.0000   0.0000   0.0000
      23  100000.0      60754.65      48430.06         0.0000   0.0000   0.0000
      24  100000.0     -60754.65      48430.06         0.0000   0.0000   0.0000
      25  100000.0      57417.09      50731.89         0.0000   0.0000   0.0000
      26  100000.0     -57417.09      50731.89         0.0000   0.0000   0.0000
      27  100000.0      53992.43      52902.00         0.0000   0.0000   0.0000
      28  100000.0     -53992.43      52902.00         0.0000   0.0000   0.0000
      29  100000.0      50485.85      54937.10         0.0000   0.0000   0.0000
      30  100000.0     -50485.85      54937.10         0.0000   0.0000   0.0000
      31  100000.0      46902.68      56834.10         0.0000   0.0000   0.0000
      32  100000.0     -46902.68      56834.10         0.0000   0.0000   0.0000
      33  100000.0      43248.36      58590.13         0.0000   0.0000   0.0000
      34  100000.0     -43248.36      58590.13         0.0000   0.0000   0.0000
      35  100000.0      39528.42      60202.51         0.0000   0.0000   0.0000
      36  100000.0     -39528.42      60202.51         0.0000   0.0000   0.0000
      37  100000.0      35748.52      61668.81         0.0000   0.0000   0.0000
      38  100000.0     -35748.52      61668.81         0.0000   0.0000   0.0000
      39  100000.0      31914.38      62986.79         0.0000   0.0000   0.0000
      40  100000.0     -31914.38      62986.79         0.0000   0.0000   0.0000

     NO.                X,Y,Z LOCATION                    THXY,THYZ,THZX ANGLES
      41  100000.0      28031.82      64154.47         0.0000   0.0000   0.0000
      42  100000.0     -28031.82      64154.47         0.0000   0.0000   0.0000
      43  100000.0      24106.74      65170.06         0.0000   0.0000   0.0000
      44  100000.0     -24106.74      65170.06         0.0000   0.0000   0.0000
      45  100000.0      20145.08      66032.02         0.0000   0.0000   0.0000
      46  100000.0     -20145.08      66032.02         0.0000   0.0000   0.0000
      47  100000.0      16152.86      66739.06         0.0000   0.0000   0.0000
      48  100000.0     -16152.86      66739.06         0.0000   0.0000   0.0000
      49  100000.0      12136.14      67290.09         0.0000   0.0000   0.0000
      50  100000.0     -12136.14      67290.09         0.0000   0.0000   0.0000
      51  100000.0      8101.001      67684.29         0.0000   0.0000   0.0000
      52  100000.0     -8101.001      67684.29         0.0000   0.0000   0.0000
      53  100000.0      4053.575      67921.04         0.0000   0.0000   0.0000
      54  100000.0     -4053.575      67921.04         0.0000   0.0000   0.0000
      55  95981.40      63873.74      46000.00         0.0000   0.0000   0.0000
      56  91978.67      63495.37      46000.00         0.0000   0.0000   0.0000
      57  88007.59      62866.41      46000.00         0.0000   0.0000   0.0000
      58  84083.84      61989.35      46000.00         0.0000   0.0000   0.0000
      59  80222.90      60867.65      46000.00         0.0000   0.0000   0.0000
      60  76440.02      59505.72      46000.00         0.0000   0.0000   0.0000

     NO.                X,Y,Z LOCATION                    THXY,THYZ,THZX ANGLES
      61  72750.11      57908.96      46000.00         0.0000   0.0000   0.0000
      62  69167.75      56083.65      46000.00         0.0000   0.0000   0.0000
      63  65707.07      54037.01      46000.00         0.0000   0.0000   0.0000
      64  62381.73      51777.11      46000.00         0.0000   0.0000   0.0000
      65  59204.84      49312.87      46000.00         0.0000   0.0000   0.0000
      66  56188.96      46654.01      46000.00         0.0000   0.0000   0.0000
      67  53345.99      43811.04      46000.00         0.0000   0.0000   0.0000
      68  50687.13      40795.16      46000.00         0.0000   0.0000   0.0000
      69  48222.89      37618.27      46000.00         0.0000   0.0000   0.0000
      70  45962.99      34292.93      46000.00         0.0000   0.0000   0.0000
      71  43916.35      30832.25      46000.00         0.0000   0.0000   0.0000
      72  42091.04      27249.89      46000.00         0.0000   0.0000   0.0000
      73  40494.28      23559.98      46000.00         0.0000   0.0000   0.0000
      74  39132.35      19777.10      46000.00         0.0000   0.0000   0.0000
      75  38010.65      15916.16      46000.00         0.0000   0.0000   0.0000
      76  37133.59      11992.41      46000.00         0.0000   0.0000   0.0000
      77  36504.63      8021.331      46000.00         0.0000   0.0000   0.0000
      78  36126.26      4018.595      46000.00         0.0000   0.0000   0.0000
      79  39365.24      3814.816      48430.06         0.0000   0.0000   0.0000
      80  39724.42      7614.576      48430.06         0.0000   0.0000   0.0000

     NO.                X,Y,Z LOCATION                    THXY,THYZ,THZX ANGLES
      81  40321.49      11384.29      48430.06         0.0000   0.0000   0.0000
      82  41154.07      15109.07      48430.06         0.0000   0.0000   0.0000
      83  42218.90      18774.22      48430.06         0.0000   0.0000   0.0000
      84  43511.76      22365.28      48430.06         0.0000   0.0000   0.0000
      85  45027.55      25868.07      48430.06         0.0000   0.0000   0.0000
      86  46760.30      29268.77      48430.06         0.0000   0.0000   0.0000
      87  48703.16      32553.97      48430.06         0.0000   0.0000   0.0000
      88  50848.46      35710.68      48430.06         0.0000   0.0000   0.0000
      89  53187.74      38726.47      48430.06         0.0000   0.0000   0.0000
      90  55711.77      41589.42      48430.06         0.0000   0.0000   0.0000
      91  58410.58      44288.23      48430.06         0.0000   0.0000   0.0000
      92  61273.53      46812.26      48430.06         0.0000   0.0000   0.0000
      93  64289.32      49151.54      48430.06         0.0000   0.0000   0.0000
      94  67446.03      51296.84      48430.06         0.0000   0.0000   0.0000
      95  70731.23      53239.70      48430.06         0.0000   0.0000   0.0000
      96  74131.93      54972.45      48430.06         0.0000   0.0000   0.0000
      97  77634.72      56488.24      48430.06         0.0000   0.0000   0.0000
      98  81225.78      57781.10      48430.06         0.0000   0.0000   0.0000
      99  84890.93      58845.93      48430.06         0.0000   0.0000   0.0000
     100  88615.71      59678.51      48430.06         0.0000   0.0000   0.0000

     NO.                X,Y,Z LOCATION                    THXY,THYZ,THZX ANGLES
     101  92385.42      60275.58      48430.06         0.0000   0.0000   0.0000
     102  96185.18      60634.76      48430.06         0.0000   0.0000   0.0000
     103  42696.21      3605.249      50731.89         0.0000   0.0000   0.0000
     104  43035.66      7196.270      50731.89         0.0000   0.0000   0.0000
     105  43599.92      10758.89      50731.89         0.0000   0.0000   0.0000
     106  44386.77      14279.05      50731.89         0.0000   0.0000   0.0000
     107  45393.10      17742.86      50731.89         0.0000   0.0000   0.0000
     108  46614.94      21136.64      50731.89         0.0000   0.0000   0.0000
     109  48047.46      24447.01      50731.89         0.0000   0.0000   0.0000
     110  49685.02      27660.89      50731.89         0.0000   0.0000   0.0000
     111  51521.15      30765.62      50731.89         0.0000   0.0000   0.0000
     112  53548.60      33748.92      50731.89         0.0000   0.0000   0.0000
     113  55759.37      36599.03      50731.89         0.0000   0.0000   0.0000
     114  58144.74      39304.70      50731.89         0.0000   0.0000   0.0000
     115  60695.30      41855.26      50731.89         0.0000   0.0000   0.0000
     116  63400.97      44240.63      50731.89         0.0000   0.0000   0.0000
     117  66251.08      46451.40      50731.89         0.0000   0.0000   0.0000
     118  69234.38      48478.85      50731.89         0.0000   0.0000   0.0000
     119  72339.11      50314.98      50731.89         0.0000   0.0000   0.0000
     120  75552.99      51952.54      50731.89         0.0000   0.0000   0.0000

     NO.                X,Y,Z LOCATION                    THXY,THYZ,THZX ANGLES
     121  78863.36      53385.06      50731.89         0.0000   0.0000   0.0000
     122  82257.14      54606.90      50731.89         0.0000   0.0000   0.0000
     123  85720.95      55613.23      50731.89         0.0000   0.0000   0.0000
     124  89241.11      56400.08      50731.89         0.0000   0.0000   0.0000
     125  92803.73      56964.34      50731.89         0.0000   0.0000   0.0000
     126  96394.75      57303.79      50731.89         0.0000   0.0000   0.0000
     127  46114.12      3390.212      52902.00         0.0000   0.0000   0.0000
     128  46433.32      6767.045      52902.00         0.0000   0.0000   0.0000
     129  46963.93      10117.17      52902.00         0.0000   0.0000   0.0000
     130  47703.85      13427.37      52902.00         0.0000   0.0000   0.0000
     131  48650.15      16684.58      52902.00         0.0000   0.0000   0.0000
     132  49799.11      19875.94      52902.00         0.0000   0.0000   0.0000
     133  51146.19      22988.86      52902.00         0.0000   0.0000   0.0000
     134  52686.08      26011.05      52902.00         0.0000   0.0000   0.0000
     135  54412.69      28930.59      52902.00         0.0000   0.0000   0.0000
     136  56319.21      31735.95      52902.00         0.0000   0.0000   0.0000
     137  58398.12      34416.07      52902.00         0.0000   0.0000   0.0000
     138  60641.22      36960.36      52902.00         0.0000   0.0000   0.0000
     139  63039.64      39358.78      52902.00         0.0000   0.0000   0.0000
     140  65583.93      41601.88      52902.00         0.0000   0.0000   0.0000

     NO.                X,Y,Z LOCATION                    THXY,THYZ,THZX ANGLES
     141  68264.05      43680.79      52902.00         0.0000   0.0000   0.0000
     142  71069.41      45587.31      52902.00         0.0000   0.0000   0.0000
     143  73988.95      47313.92      52902.00         0.0000   0.0000   0.0000
     144  77011.14      48853.81      52902.00         0.0000   0.0000   0.0000
     145  80124.06      50200.89      52902.00         0.0000   0.0000   0.0000
     146  83315.42      51349.85      52902.00         0.0000   0.0000   0.0000
     147  86572.63      52296.15      52902.00         0.0000   0.0000   0.0000
     148  89882.83      53036.07      52902.00         0.0000   0.0000   0.0000
     149  93232.95      53566.68      52902.00         0.0000   0.0000   0.0000
     150  96609.79      53885.88      52902.00         0.0000   0.0000   0.0000
     151  49613.77      3170.033      54937.10         0.0000   0.0000   0.0000
     152  49912.25      6327.555      54937.10         0.0000   0.0000   0.0000
     153  50408.39      9460.105      54937.10         0.0000   0.0000   0.0000
     154  51100.26      12555.32      54937.10         0.0000   0.0000   0.0000
     155  51985.10      15600.99      54937.10         0.0000   0.0000   0.0000
     156  53059.44      18585.08      54937.10         0.0000   0.0000   0.0000
     157  54319.04      21495.83      54937.10         0.0000   0.0000   0.0000
     158  55758.91      24321.74      54937.10         0.0000   0.0000   0.0000
     159  57373.39      27051.67      54937.10         0.0000   0.0000   0.0000
     160  59156.09      29674.84      54937.10         0.0000   0.0000   0.0000

     NO.                X,Y,Z LOCATION                    THXY,THYZ,THZX ANGLES
     161  61099.98      32180.89      54937.10         0.0000   0.0000   0.0000
     162  63197.40      34559.94      54937.10         0.0000   0.0000   0.0000
     163  65440.06      36802.60      54937.10         0.0000   0.0000   0.0000
     164  67819.11      38900.02      54937.10         0.0000   0.0000   0.0000
     165  70325.16      40843.91      54937.10         0.0000   0.0000   0.0000
     166  72948.33      42626.61      54937.10         0.0000   0.0000   0.0000
     167  75678.26      44241.09      54937.10         0.0000   0.0000   0.0000
     168  78504.17      45680.96      54937.10         0.0000   0.0000   0.0000
     169  81414.92      46940.56      54937.10         0.0000   0.0000   0.0000
     170  84399.01      48014.90      54937.10         0.0000   0.0000   0.0000
     171  87444.68      48899.74      54937.10         0.0000   0.0000   0.0000
     172  90539.90      49591.61      54937.10         0.0000   0.0000   0.0000
     173  93672.45      50087.75      54937.10         0.0000   0.0000   0.0000
     174  96829.97      50386.23      54937.10         0.0000   0.0000   0.0000
     175  53189.87      2945.044      56834.10         0.0000   0.0000   0.0000
     176  53467.16      5878.465      56834.10         0.0000   0.0000   0.0000
     177  53928.09      8788.686      56834.10         0.0000   0.0000   0.0000
     178  54570.85      11664.22      56834.10         0.0000   0.0000   0.0000
     179  55392.90      14493.73      56834.10         0.0000   0.0000   0.0000
     180  56390.99      17266.03      56834.10         0.0000   0.0000   0.0000

     NO.                X,Y,Z LOCATION                    THXY,THYZ,THZX ANGLES
     181  57561.18      19970.19      56834.10         0.0000   0.0000   0.0000
     182  58898.87      22595.54      56834.10         0.0000   0.0000   0.0000
     183  60398.76      25131.71      56834.10         0.0000   0.0000   0.0000
     184  62054.93      27568.70      56834.10         0.0000   0.0000   0.0000
     185  63860.86      29896.89      56834.10         0.0000   0.0000   0.0000
     186  65809.42      32107.09      56834.10         0.0000   0.0000   0.0000
     187  67892.91      34190.58      56834.10         0.0000   0.0000   0.0000
     188  70103.11      36139.14      56834.10         0.0000   0.0000   0.0000
     189  72431.30      37945.07      56834.10         0.0000   0.0000   0.0000
     190  74868.29      39601.24      56834.10         0.0000   0.0000   0.0000
     191  77404.46      41101.13      56834.10         0.0000   0.0000   0.0000
     192  80029.81      42438.82      56834.10         0.0000   0.0000   0.0000
     193  82733.97      43609.01      56834.10         0.0000   0.0000   0.0000
     194  85506.27      44607.10      56834.10         0.0000   0.0000   0.0000
     195  88335.78      45429.15      56834.10         0.0000   0.0000   0.0000
     196  91211.31      46071.91      56834.10         0.0000   0.0000   0.0000
     197  94121.54      46532.84      56834.10         0.0000   0.0000   0.0000
     198  97054.96      46810.13      56834.10         0.0000   0.0000   0.0000
     199  56836.98      2715.587      58590.13         0.0000   0.0000   0.0000
     200  57092.67      5420.456      58590.13         0.0000   0.0000   0.0000

     NO.                X,Y,Z LOCATION                    THXY,THYZ,THZX ANGLES
     201  57517.69      8103.934      58590.13         0.0000   0.0000   0.0000
     202  58110.37      10755.43      58590.13         0.0000   0.0000   0.0000
     203  58868.37      13364.48      58590.13         0.0000   0.0000   0.0000
     204  59788.69      15920.78      58590.13         0.0000   0.0000   0.0000
     205  60867.72      18414.25      58590.13         0.0000   0.0000   0.0000
     206  62101.18      20835.06      58590.13         0.0000   0.0000   0.0000
     207  63484.20      23173.63      58590.13         0.0000   0.0000   0.0000
     208  65011.34      25420.75      58590.13         0.0000   0.0000   0.0000
     209  66676.57      27567.54      58590.13         0.0000   0.0000   0.0000
     210  68473.30      29605.54      58590.13         0.0000   0.0000   0.0000
     211  70394.46      31526.70      58590.13         0.0000   0.0000   0.0000
     212  72432.46      33323.43      58590.13         0.0000   0.0000   0.0000
     213  74579.25      34988.66      58590.13         0.0000   0.0000   0.0000
     214  76826.37      36515.80      58590.13         0.0000   0.0000   0.0000
     215  79164.94      37898.82      58590.13         0.0000   0.0000   0.0000
     216  81585.75      39132.28      58590.13         0.0000   0.0000   0.0000
     217  84079.22      40211.31      58590.13         0.0000   0.0000   0.0000
     218  86635.52      41131.63      58590.13         0.0000   0.0000   0.0000
     219  89244.57      41889.63      58590.13         0.0000   0.0000   0.0000
     220  91896.07      42482.31      58590.13         0.0000   0.0000   0.0000

     NO.                X,Y,Z LOCATION                    THXY,THYZ,THZX ANGLES
     221  94579.54      42907.33      58590.13         0.0000   0.0000   0.0000
     222  97284.41      43163.02      58590.13         0.0000   0.0000   0.0000
     223  60549.58      2482.010      60202.51         0.0000   0.0000   0.0000
     224  60783.27      4954.225      60202.51         0.0000   0.0000   0.0000
     225  61171.74      7406.887      60202.51         0.0000   0.0000   0.0000
     226  61713.44      9830.318      60202.51         0.0000   0.0000   0.0000
     227  62406.24      12214.95      60202.51         0.0000   0.0000   0.0000
     228  63247.40      14551.38      60202.51         0.0000   0.0000   0.0000
     229  64233.62      16830.38      60202.51         0.0000   0.0000   0.0000
     230  65360.98      19042.96      60202.51         0.0000   0.0000   0.0000
     231  66625.05      21180.39      60202.51         0.0000   0.0000   0.0000
     232  68020.84      23234.22      60202.51         0.0000   0.0000   0.0000
     233  69542.83      25196.36      60202.51         0.0000   0.0000   0.0000
     234  71185.02      27059.07      60202.51         0.0000   0.0000   0.0000
     235  72940.93      28814.98      60202.51         0.0000   0.0000   0.0000
     236  74803.64      30457.17      60202.51         0.0000   0.0000   0.0000
     237  76765.78      31979.16      60202.51         0.0000   0.0000   0.0000
     238  78819.61      33374.95      60202.51         0.0000   0.0000   0.0000
     239  80957.04      34639.02      60202.51         0.0000   0.0000   0.0000
     240  83169.62      35766.38      60202.51         0.0000   0.0000   0.0000

     NO.                X,Y,Z LOCATION                    THXY,THYZ,THZX ANGLES
     241  85448.62      36752.60      60202.51         0.0000   0.0000   0.0000
     242  87785.05      37593.76      60202.51         0.0000   0.0000   0.0000
     243  90169.68      38286.56      60202.51         0.0000   0.0000   0.0000
     244  92593.11      38828.26      60202.51         0.0000   0.0000   0.0000
     245  95045.78      39216.73      60202.51         0.0000   0.0000   0.0000
     246  97517.99      39450.42      60202.51         0.0000   0.0000   0.0000
     247  64322.03      2244.668      61668.81         0.0000   0.0000   0.0000
     248  64533.37      4480.477      61668.81         0.0000   0.0000   0.0000
     249  64884.69      6698.604      61668.81         0.0000   0.0000   0.0000
     250  65374.59      8890.294      61668.81         0.0000   0.0000   0.0000
     251  66001.14      11046.90      61668.81         0.0000   0.0000   0.0000
     252  66761.87      13159.91      61668.81         0.0000   0.0000   0.0000
     253  67653.78      15220.98      61668.81         0.0000   0.0000   0.0000
     254  68673.34      17221.98      61668.81         0.0000   0.0000   0.0000
     255  69816.53      19155.01      61668.81         0.0000   0.0000   0.0000
     256  71078.84      21012.45      61668.81         0.0000   0.0000   0.0000
     257  72455.30      22786.96      61668.81         0.0000   0.0000   0.0000
     258  73940.45      24471.54      61668.81         0.0000   0.0000   0.0000
     259  75528.46      26059.55      61668.81         0.0000   0.0000   0.0000
     260  77213.04      27544.70      61668.81         0.0000   0.0000   0.0000

     NO.                X,Y,Z LOCATION                    THXY,THYZ,THZX ANGLES
     261  78987.55      28921.16      61668.81         0.0000   0.0000   0.0000
     262  80844.99      30183.47      61668.81         0.0000   0.0000   0.0000
     263  82778.02      31326.66      61668.81         0.0000   0.0000   0.0000
     264  84779.02      32346.22      61668.81         0.0000   0.0000   0.0000
     265  86840.09      33238.13      61668.81         0.0000   0.0000   0.0000
     266  88953.10      33998.86      61668.81         0.0000   0.0000   0.0000
     267  91109.71      34625.41      61668.81         0.0000   0.0000   0.0000
     268  93301.40      35115.31      61668.81         0.0000   0.0000   0.0000
     269  95519.52      35466.63      61668.81         0.0000   0.0000   0.0000
     270  97755.33      35677.97      61668.81         0.0000   0.0000   0.0000
     271  68148.60      2003.920      62986.79         0.0000   0.0000   0.0000
     272  68337.28      3999.932      62986.79         0.0000   0.0000   0.0000
     273  68650.92      5980.158      62986.79         0.0000   0.0000   0.0000
     274  69088.27      7936.783      62986.79         0.0000   0.0000   0.0000
     275  69647.62      9862.085      62986.79         0.0000   0.0000   0.0000
     276  70326.76      11748.47      62986.79         0.0000   0.0000   0.0000
     277  71123.01      13588.48      62986.79         0.0000   0.0000   0.0000
     278  72033.22      15374.87      62986.79         0.0000   0.0000   0.0000
     279  73053.80      17100.58      62986.79         0.0000   0.0000   0.0000
     280  74180.73      18758.80      62986.79         0.0000   0.0000   0.0000

     NO.                X,Y,Z LOCATION                    THXY,THYZ,THZX ANGLES
     281  75409.55      20342.99      62986.79         0.0000   0.0000   0.0000
     282  76735.42      21846.89      62986.79         0.0000   0.0000   0.0000
     283  78153.11      23264.58      62986.79         0.0000   0.0000   0.0000
     284  79657.01      24590.45      62986.79         0.0000   0.0000   0.0000
     285  81241.20      25819.27      62986.79         0.0000   0.0000   0.0000
     286  82899.42      26946.20      62986.79         0.0000   0.0000   0.0000
     287  84625.13      27966.78      62986.79         0.0000   0.0000   0.0000
     288  86411.52      28876.99      62986.79         0.0000   0.0000   0.0000
     289  88251.53      29673.24      62986.79         0.0000   0.0000   0.0000
     290  90137.92      30352.38      62986.79         0.0000   0.0000   0.0000
     291  92063.22      30911.73      62986.79         0.0000   0.0000   0.0000
     292  94019.84      31349.08      62986.79         0.0000   0.0000   0.0000
     293  96000.07      31662.72      62986.79         0.0000   0.0000   0.0000
     294  97996.08      31851.40      62986.79         0.0000   0.0000   0.0000
     295  72023.49      1760.133      64154.47         0.0000   0.0000   0.0000
     296  72189.22      3513.319      64154.47         0.0000   0.0000   0.0000
     297  72464.70      5252.639      64154.47         0.0000   0.0000   0.0000
     298  72848.85      6971.230      64154.47         0.0000   0.0000   0.0000
     299  73340.16      8662.309      64154.47         0.0000   0.0000   0.0000
     300  73936.67      10319.20      64154.47         0.0000   0.0000   0.0000

     NO.                X,Y,Z LOCATION                    THXY,THYZ,THZX ANGLES
     301  74636.05      11935.37      64154.47         0.0000   0.0000   0.0000
     302  75435.53      13504.43      64154.47         0.0000   0.0000   0.0000
     303  76331.95      15020.20      64154.47         0.0000   0.0000   0.0000
     304  77321.78      16476.69      64154.47         0.0000   0.0000   0.0000
     305  78401.11      17868.15      64154.47         0.0000   0.0000   0.0000
     306  79565.68      19189.10      64154.47         0.0000   0.0000   0.0000
     307  80810.90      20434.32      64154.47         0.0000   0.0000   0.0000
     308  82131.85      21598.89      64154.47         0.0000   0.0000   0.0000
     309  83523.31      22678.22      64154.47         0.0000   0.0000   0.0000
     310  84979.80      23668.05      64154.47         0.0000   0.0000   0.0000
     311  86495.57      24564.47      64154.47         0.0000   0.0000   0.0000
     312  88064.63      25363.95      64154.47         0.0000   0.0000   0.0000
     313  89680.80      26063.33      64154.47         0.0000   0.0000   0.0000
     314  91337.69      26659.84      64154.47         0.0000   0.0000   0.0000
     315  93028.77      27151.15      64154.47         0.0000   0.0000   0.0000
     316  94747.36      27535.30      64154.47         0.0000   0.0000   0.0000
     317  96486.68      27810.78      64154.47         0.0000   0.0000   0.0000
     318  98239.87      27976.51      64154.47         0.0000   0.0000   0.0000
     319  75940.83      1513.674      65170.06         0.0000   0.0000   0.0000
     320  76083.35      3021.375      65170.06         0.0000   0.0000   0.0000

     NO.                X,Y,Z LOCATION                    THXY,THYZ,THZX ANGLES
     321  76320.26      4517.152      65170.06         0.0000   0.0000   0.0000
     322  76650.62      5995.101      65170.06         0.0000   0.0000   0.0000
     323  77073.13      7449.391      65170.06         0.0000   0.0000   0.0000
     324  77586.12      8874.281      65170.06         0.0000   0.0000   0.0000
     325  78187.57      10264.15      65170.06         0.0000   0.0000   0.0000
     326  78875.11      11613.51      65170.06         0.0000   0.0000   0.0000
     327  79646.01      12917.03      65170.06         0.0000   0.0000   0.0000
     328  80497.24      14169.58      65170.06         0.0000   0.0000   0.0000
     329  81425.44      15366.21      65170.06         0.0000   0.0000   0.0000
     330  82426.95      16502.20      65170.06         0.0000   0.0000   0.0000
     331  83497.80      17573.05      65170.06         0.0000   0.0000   0.0000
     332  84633.79      18574.56      65170.06         0.0000   0.0000   0.0000
     333  85830.42      19502.76      65170.06         0.0000   0.0000   0.0000
     334  87082.97      20353.99      65170.06         0.0000   0.0000   0.0000
     335  88386.49      21124.89      65170.06         0.0000   0.0000   0.0000
     336  89735.85      21812.43      65170.06         0.0000   0.0000   0.0000
     337  91125.72      22413.88      65170.06         0.0000   0.0000   0.0000
     338  92550.61      22926.87      65170.06         0.0000   0.0000   0.0000
     339  94004.90      23349.38      65170.06         0.0000   0.0000   0.0000
     340  95482.85      23679.74      65170.06         0.0000   0.0000   0.0000

     NO.                X,Y,Z LOCATION                    THXY,THYZ,THZX ANGLES
     341  96978.62      23916.65      65170.06         0.0000   0.0000   0.0000
     342  98486.33      24059.17      65170.06         0.0000   0.0000   0.0000
     343  79894.67      1264.920      66032.02         0.0000   0.0000   0.0000
     344  80013.77      2524.848      66032.02         0.0000   0.0000   0.0000
     345  80211.75      3774.811      66032.02         0.0000   0.0000   0.0000
     346  80487.82      5009.878      66032.02         0.0000   0.0000   0.0000
     347  80840.89      6225.172      66032.02         0.0000   0.0000   0.0000
     348  81269.58      7415.898      66032.02         0.0000   0.0000   0.0000
     349  81772.19      8577.358      66032.02         0.0000   0.0000   0.0000
     350  82346.73      9704.966      66032.02         0.0000   0.0000   0.0000
     351  82990.95      10794.27      66032.02         0.0000   0.0000   0.0000
     352  83702.29      11840.98      66032.02         0.0000   0.0000   0.0000
     353  84477.95      12840.96      66032.02         0.0000   0.0000   0.0000
     354  85314.87      13790.26      66032.02         0.0000   0.0000   0.0000
     355  86209.74      14685.13      66032.02         0.0000   0.0000   0.0000
     356  87159.04      15522.05      66032.02         0.0000   0.0000   0.0000
     357  88159.02      16297.71      66032.02         0.0000   0.0000   0.0000
     358  89205.73      17009.05      66032.02         0.0000   0.0000   0.0000
     359  90295.03      17653.27      66032.02         0.0000   0.0000   0.0000
     360  91422.64      18227.81      66032.02         0.0000   0.0000   0.0000

     NO.                X,Y,Z LOCATION                    THXY,THYZ,THZX ANGLES
     361  92584.10      18730.42      66032.02         0.0000   0.0000   0.0000
     362  93774.83      19159.11      66032.02         0.0000   0.0000   0.0000
     363  94990.12      19512.18      66032.02         0.0000   0.0000   0.0000
     364  96225.19      19788.25      66032.02         0.0000   0.0000   0.0000
     365  97475.15      19986.23      66032.02         0.0000   0.0000   0.0000
     366  98735.08      20105.33      66032.02         0.0000   0.0000   0.0000
     367  83879.01      1014.247      66739.06         0.0000   0.0000   0.0000
     368  83974.51      2024.490      66739.06         0.0000   0.0000   0.0000
     369  84133.25      3026.744      66739.06         0.0000   0.0000   0.0000
     370  84354.61      4017.053      66739.06         0.0000   0.0000   0.0000
     371  84637.72      4991.509      66739.06         0.0000   0.0000   0.0000
     372  84981.45      5946.265      66739.06         0.0000   0.0000   0.0000
     373  85384.45      6877.554      66739.06         0.0000   0.0000   0.0000
     374  85845.14      7781.700      66739.06         0.0000   0.0000   0.0000
     375  86361.69      8655.136      66739.06         0.0000   0.0000   0.0000
     376  86932.06      9494.413      66739.06         0.0000   0.0000   0.0000
     377  87554.01      10296.22      66739.06         0.0000   0.0000   0.0000
     378  88225.07      11057.39      66739.06         0.0000   0.0000   0.0000
     379  88942.61      11774.93      66739.06         0.0000   0.0000   0.0000
     380  89703.78      12445.99      66739.06         0.0000   0.0000   0.0000

     NO.                X,Y,Z LOCATION                    THXY,THYZ,THZX ANGLES
     381  90505.59      13067.94      66739.06         0.0000   0.0000   0.0000
     382  91344.86      13638.31      66739.06         0.0000   0.0000   0.0000
     383  92218.30      14154.86      66739.06         0.0000   0.0000   0.0000
     384  93122.45      14615.55      66739.06         0.0000   0.0000   0.0000
     385  94053.74      15018.55      66739.06         0.0000   0.0000   0.0000
     386  95008.49      15362.28      66739.06         0.0000   0.0000   0.0000
     387  95982.95      15645.39      66739.06         0.0000   0.0000   0.0000
     388  96973.26      15866.75      66739.06         0.0000   0.0000   0.0000
     389  97975.51      16025.49      66739.06         0.0000   0.0000   0.0000
     390  98985.75      16120.99      66739.06         0.0000   0.0000   0.0000
     391  87887.81      762.0343      67290.09         0.0000   0.0000   0.0000
     392  87959.56      1521.061      67290.09         0.0000   0.0000   0.0000
     393  88078.83      2274.085      67290.09         0.0000   0.0000   0.0000
     394  88245.14      3018.135      67290.09         0.0000   0.0000   0.0000
     395  88457.85      3750.273      67290.09         0.0000   0.0000   0.0000
     396  88716.11      4467.610      67290.09         0.0000   0.0000   0.0000
     397  89018.89      5167.316      67290.09         0.0000   0.0000   0.0000
     398  89365.02      5846.629      67290.09         0.0000   0.0000   0.0000
     399  89753.12      6502.867      67290.09         0.0000   0.0000   0.0000
     400  90181.66      7133.442      67290.09         0.0000   0.0000   0.0000

     NO.                X,Y,Z LOCATION                    THXY,THYZ,THZX ANGLES
     401  90648.95      7735.865      67290.09         0.0000   0.0000   0.0000
     402  91153.14      8307.757      67290.09         0.0000   0.0000   0.0000
     403  91692.24      8846.863      67290.09         0.0000   0.0000   0.0000
     404  92264.14      9351.054      67290.09         0.0000   0.0000   0.0000
     405  92866.56      9818.341      67290.09         0.0000   0.0000   0.0000
     406  93497.13      10246.88      67290.09         0.0000   0.0000   0.0000
     407  94153.37      10634.98      67290.09         0.0000   0.0000   0.0000
     408  94832.68      10981.11      67290.09         0.0000   0.0000   0.0000
     409  95532.39      11283.89      67290.09         0.0000   0.0000   0.0000
     410  96249.73      11542.15      67290.09         0.0000   0.0000   0.0000
     411  96981.87      11754.86      67290.09         0.0000   0.0000   0.0000
     412  97725.91      11921.17      67290.09         0.0000   0.0000   0.0000
     413  98478.94      12040.44      67290.09         0.0000   0.0000   0.0000
     414  99237.97      12112.19      67290.09         0.0000   0.0000   0.0000
     415  91914.98      508.6661      67684.29         0.0000   0.0000   0.0000
     416  91962.88      1015.325      67684.29         0.0000   0.0000   0.0000
     417  92042.49      1517.976      67684.29         0.0000   0.0000   0.0000
     418  92153.51      2014.637      67684.29         0.0000   0.0000   0.0000
     419  92295.49      2503.347      67684.29         0.0000   0.0000   0.0000
     420  92467.88      2982.177      67684.29         0.0000   0.0000   0.0000

     NO.                X,Y,Z LOCATION                    THXY,THYZ,THZX ANGLES
     421  92669.99      3449.239      67684.29         0.0000   0.0000   0.0000
     422  92901.04      3902.687      67684.29         0.0000   0.0000   0.0000
     423  93160.10      4340.734      67684.29         0.0000   0.0000   0.0000
     424  93446.15      4761.649      67684.29         0.0000   0.0000   0.0000
     425  93758.07      5163.773      67684.29         0.0000   0.0000   0.0000
     426  94094.62      5545.517      67684.29         0.0000   0.0000   0.0000
     427  94454.48      5905.376      67684.29         0.0000   0.0000   0.0000
     428  94836.23      6241.929      67684.29         0.0000   0.0000   0.0000
     429  95238.35      6553.848      67684.29         0.0000   0.0000   0.0000
     430  95659.27      6839.902      67684.29         0.0000   0.0000   0.0000
     431  96097.31      7098.961      67684.29         0.0000   0.0000   0.0000
     432  96550.76      7330.005      67684.29         0.0000   0.0000   0.0000
     433  97017.82      7532.120      67684.29         0.0000   0.0000   0.0000
     434  97496.65      7704.510      67684.29         0.0000   0.0000   0.0000
     435  97985.36      7846.493      67684.29         0.0000   0.0000   0.0000
     436  98482.02      7957.510      67684.29         0.0000   0.0000   0.0000
     437  98984.68      8037.122      67684.29         0.0000   0.0000   0.0000
     438  99491.33      8085.016      67684.29         0.0000   0.0000   0.0000
     439  95954.42      254.5261      67921.04         0.0000   0.0000   0.0000
     440  95978.39      508.0477      67921.04         0.0000   0.0000   0.0000

     NO.                X,Y,Z LOCATION                    THXY,THYZ,THZX ANGLES
     441  96018.22      759.5643      67921.04         0.0000   0.0000   0.0000
     442  96073.78      1008.083      67921.04         0.0000   0.0000   0.0000
     443  96144.82      1252.624      67921.04         0.0000   0.0000   0.0000
     444  96231.08      1492.221      67921.04         0.0000   0.0000   0.0000
     445  96332.22      1725.928      67921.04         0.0000   0.0000   0.0000
     446  96447.82      1952.825      67921.04         0.0000   0.0000   0.0000
     447  96577.45      2172.014      67921.04         0.0000   0.0000   0.0000
     448  96720.59      2382.632      67921.04         0.0000   0.0000   0.0000
     449  96876.67      2583.846      67921.04         0.0000   0.0000   0.0000
     450  97045.07      2774.863      67921.04         0.0000   0.0000   0.0000
     451  97225.14      2954.929      67921.04         0.0000   0.0000   0.0000
     452  97416.15      3123.334      67921.04         0.0000   0.0000   0.0000
     453  97617.37      3279.411      67921.04         0.0000   0.0000   0.0000
     454  97827.99      3422.547      67921.04         0.0000   0.0000   0.0000
     455  98047.18      3552.175      67921.04         0.0000   0.0000   0.0000
     456  98274.07      3667.785      67921.04         0.0000   0.0000   0.0000
     457  98507.78      3768.919      67921.04         0.0000   0.0000   0.0000
     458  98747.38      3855.179      67921.04         0.0000   0.0000   0.0000
     459  98991.92      3926.225      67921.04         0.0000   0.0000   0.0000
     460  99240.44      3981.775      67921.04         0.0000   0.0000   0.0000

     NO.                X,Y,Z LOCATION                    THXY,THYZ,THZX ANGLES
     461  99491.95      4021.612      67921.04         0.0000   0.0000   0.0000
     462  99745.47      4045.577      67921.04         0.0000   0.0000   0.0000

