
 LIST ALL SELECTED LINES.
 
 NUMBER    KEYPOINTS    LENGTH   (NDIV)(SPACE) KYND NDIV  SPACE  #NODE #ELEM   MAT  REAL  TYP  ESYS
      1     21    103  3608.        0   0.000    0                  0     0     0     0     0     0
      2      6      8  4055.        0   0.000    0                  0     0     0     0     0     0
      3     23     25  4055.        0   0.000    0                  0     0     0     0     0     0
      4      8      9  4055.        0   0.000    0                  0     0     0     0     0     0
      5      9     10  4055.        0   0.000    0                  0     0     0     0     0     0
      6      5      6  4055.        0   0.000    0                  0     0     0     0     0     0
      7      2     55  4021.        0   0.000    0                  0     0     0     0     0     0
      8      4      7 0.1005E+06    0   0.000    0                  0     0     0     0     0     0
      9     10     11  4055.        0   0.000    0                  0     0     0     0     0     0
     10     11     12  4055.        0   0.000    0                  0     0     0     0     0     0
     11     12     13  4055.        0   0.000    0                  0     0     0     0     0     0
     12     13     14  4055.        0   0.000    0                  0     0     0     0     0     0
     13     14     15  4055.        0   0.000    0                  0     0     0     0     0     0
     14     15     16  4055.        0   0.000    0                  0     0     0     0     0     0
     15     16     17  4055.        0   0.000    0                  0     0     0     0     0     0
     16     17     18  4055.        0   0.000    0                  0     0     0     0     0     0
     17     18     19  4055.        0   0.000    0                  0     0     0     0     0     0
     18     19     20  4055.        0   0.000    0                  0     0     0     0     0     0
     19     20     21  4055.        0   0.000    0                  0     0     0     0     0     0
     20     21     22  4055.        0   0.000    0                  0     0     0     0     0     0
 
 NUMBER    KEYPOINTS    LENGTH   (NDIV)(SPACE) KYND NDIV  SPACE  #NODE #ELEM   MAT  REAL  TYP  ESYS
     21     22      7  4055.        0   0.000    0                  0     0     0     0     0     0
     22      2     23  4055.        0   0.000    0                  0     0     0     0     0     0
     23     22     79  3817.        0   0.000    0                  0     0     0     0     0     0
     24      4     24  4055.        0   0.000    0                  0     0     0     0     0     0
     25     22     24 0.9543E+05    0   0.000    0                  0     0     0     0     0     0
     26     20    127  3392.        0   0.000    0                  0     0     0     0     0     0
     27     25     27  4055.        0   0.000    0                  0     0     0     0     0     0
     28     21     26 0.9019E+05    0   0.000    0                  0     0     0     0     0     0
     29     24     26  4055.        0   0.000    0                  0     0     0     0     0     0
     30     19    151  3172.        0   0.000    0                  0     0     0     0     0     0
     31     27     29  4055.        0   0.000    0                  0     0     0     0     0     0
     32     20     28 0.8481E+05    0   0.000    0                  0     0     0     0     0     0
     33     26     28  4055.        0   0.000    0                  0     0     0     0     0     0
     34     18    175  2947.        0   0.000    0                  0     0     0     0     0     0
     35     29     31  4055.        0   0.000    0                  0     0     0     0     0     0
     36     19     30 0.7930E+05    0   0.000    0                  0     0     0     0     0     0
     37     28     30  4055.        0   0.000    0                  0     0     0     0     0     0
     38     17    199  2717.        0   0.000    0                  0     0     0     0     0     0
     39     31     33  4055.        0   0.000    0                  0     0     0     0     0     0
     40     18     32 0.7367E+05    0   0.000    0                  0     0     0     0     0     0
 
 NUMBER    KEYPOINTS    LENGTH   (NDIV)(SPACE) KYND NDIV  SPACE  #NODE #ELEM   MAT  REAL  TYP  ESYS
     41     30     32  4055.        0   0.000    0                  0     0     0     0     0     0
     42     16    223  2484.        0   0.000    0                  0     0     0     0     0     0
     43     33     35  4055.        0   0.000    0                  0     0     0     0     0     0
     44     17     34 0.6793E+05    0   0.000    0                  0     0     0     0     0     0
     45     32     34  4055.        0   0.000    0                  0     0     0     0     0     0
     46     15    247  2246.        0   0.000    0                  0     0     0     0     0     0
     47     35     37  4055.        0   0.000    0                  0     0     0     0     0     0
     48     16     36 0.6209E+05    0   0.000    0                  0     0     0     0     0     0
     49     34     36  4055.        0   0.000    0                  0     0     0     0     0     0
     50     14    271  2005.        0   0.000    0                  0     0     0     0     0     0
     51     37     39  4055.        0   0.000    0                  0     0     0     0     0     0
     52     15     38 0.5615E+05    0   0.000    0                  0     0     0     0     0     0
     53     36     38  4055.        0   0.000    0                  0     0     0     0     0     0
     54     13    295  1761.        0   0.000    0                  0     0     0     0     0     0
     55     39     41  4055.        0   0.000    0                  0     0     0     0     0     0
     56     14     40 0.5013E+05    0   0.000    0                  0     0     0     0     0     0
     57     38     40  4055.        0   0.000    0                  0     0     0     0     0     0
     58     12    319  1515.        0   0.000    0                  0     0     0     0     0     0
     59     41     43  4055.        0   0.000    0                  0     0     0     0     0     0
     60     13     42 0.4403E+05    0   0.000    0                  0     0     0     0     0     0
 
 NUMBER    KEYPOINTS    LENGTH   (NDIV)(SPACE) KYND NDIV  SPACE  #NODE #ELEM   MAT  REAL  TYP  ESYS
     61     40     42  4055.        0   0.000    0                  0     0     0     0     0     0
     62     11    343  1266.        0   0.000    0                  0     0     0     0     0     0
     63     43     45  4055.        0   0.000    0                  0     0     0     0     0     0
     64     12     44 0.3787E+05    0   0.000    0                  0     0     0     0     0     0
     65     42     44  4055.        0   0.000    0                  0     0     0     0     0     0
     66     10    367  1015.        0   0.000    0                  0     0     0     0     0     0
     67     45     47  4055.        0   0.000    0                  0     0     0     0     0     0
     68     11     46 0.3164E+05    0   0.000    0                  0     0     0     0     0     0
     69     44     46  4055.        0   0.000    0                  0     0     0     0     0     0
     70      9    391  762.5        0   0.000    0                  0     0     0     0     0     0
     71     47     49  4055.        0   0.000    0                  0     0     0     0     0     0
     72     10     48 0.2537E+05    0   0.000    0                  0     0     0     0     0     0
     73     46     48  4055.        0   0.000    0                  0     0     0     0     0     0
     74     55     56  4021.        0   0.000    0                  0     0     0     0     0     0
     75      8    415  509.0        0   0.000    0                  0     0     0     0     0     0
     76      9     50 0.1906E+05    0   0.000    0                  0     0     0     0     0     0
     77     48     50  4055.        0   0.000    0                  0     0     0     0     0     0
     78      5     53  4055.        0   0.000    0                  0     0     0     0     0     0
     79      6    439  254.7        0   0.000    0                  0     0     0     0     0     0
     80     56     57  4021.        0   0.000    0                  0     0     0     0     0     0
 
 NUMBER    KEYPOINTS    LENGTH   (NDIV)(SPACE) KYND NDIV  SPACE  #NODE #ELEM   MAT  REAL  TYP  ESYS
     81      8     52 0.1273E+05    0   0.000    0                  0     0     0     0     0     0
     82     49     51  4055.        0   0.000    0                  0     0     0     0     0     0
     83     50     52  4055.        0   0.000    0                  0     0     0     0     0     0
     84      5     54  4055.        0   0.000    0                  0     0     0     0     0     0
     85      6     54  6367.        0   0.000    0                  0     0     0     0     0     0
     86     51     53  4055.        0   0.000    0                  0     0     0     0     0     0
     87     52     54  4055.        0   0.000    0                  0     0     0     0     0     0
     88     57     58  4021.        0   0.000    0                  0     0     0     0     0     0
     89     58     59  4021.        0   0.000    0                  0     0     0     0     0     0
     90     59     60  4021.        0   0.000    0                  0     0     0     0     0     0
     91     60     61  4021.        0   0.000    0                  0     0     0     0     0     0
     92     61     62  4021.        0   0.000    0                  0     0     0     0     0     0
     93     62     63  4021.        0   0.000    0                  0     0     0     0     0     0
     94     63     64  4021.        0   0.000    0                  0     0     0     0     0     0
     95     64     65  4021.        0   0.000    0                  0     0     0     0     0     0
     96     65     66  4021.        0   0.000    0                  0     0     0     0     0     0
     97     66     67  4021.        0   0.000    0                  0     0     0     0     0     0
     98     67     68  4021.        0   0.000    0                  0     0     0     0     0     0
     99     68     69  4021.        0   0.000    0                  0     0     0     0     0     0
    100     69     70  4021.        0   0.000    0                  0     0     0     0     0     0
 
 NUMBER    KEYPOINTS    LENGTH   (NDIV)(SPACE) KYND NDIV  SPACE  #NODE #ELEM   MAT  REAL  TYP  ESYS
    101     70     71  4021.        0   0.000    0                  0     0     0     0     0     0
    102     71     72  4021.        0   0.000    0                  0     0     0     0     0     0
    103     72     73  4021.        0   0.000    0                  0     0     0     0     0     0
    104     73     74  4021.        0   0.000    0                  0     0     0     0     0     0
    105     74     75  4021.        0   0.000    0                  0     0     0     0     0     0
    106     75     76  4021.        0   0.000    0                  0     0     0     0     0     0
    107     76     77  4021.        0   0.000    0                  0     0     0     0     0     0
    108     77     78  4021.        0   0.000    0                  0     0     0     0     0     0
    109     78      7  4021.        0   0.000    0                  0     0     0     0     0     0
    110     79     80  3817.        0   0.000    0                  0     0     0     0     0     0
    111     80     81  3817.        0   0.000    0                  0     0     0     0     0     0
    112     81     82  3817.        0   0.000    0                  0     0     0     0     0     0
    113     82     83  3817.        0   0.000    0                  0     0     0     0     0     0
    114     83     84  3817.        0   0.000    0                  0     0     0     0     0     0
    115     84     85  3817.        0   0.000    0                  0     0     0     0     0     0
    116     85     86  3817.        0   0.000    0                  0     0     0     0     0     0
    117     86     87  3817.        0   0.000    0                  0     0     0     0     0     0
    118     87     88  3817.        0   0.000    0                  0     0     0     0     0     0
    119     88     89  3817.        0   0.000    0                  0     0     0     0     0     0
    120     89     90  3817.        0   0.000    0                  0     0     0     0     0     0
 
 NUMBER    KEYPOINTS    LENGTH   (NDIV)(SPACE) KYND NDIV  SPACE  #NODE #ELEM   MAT  REAL  TYP  ESYS
    121     90     91  3817.        0   0.000    0                  0     0     0     0     0     0
    122     91     92  3817.        0   0.000    0                  0     0     0     0     0     0
    123     92     93  3817.        0   0.000    0                  0     0     0     0     0     0
    124     93     94  3817.        0   0.000    0                  0     0     0     0     0     0
    125     94     95  3817.        0   0.000    0                  0     0     0     0     0     0
    126     95     96  3817.        0   0.000    0                  0     0     0     0     0     0
    127     96     97  3817.        0   0.000    0                  0     0     0     0     0     0
    128     97     98  3817.        0   0.000    0                  0     0     0     0     0     0
    129     98     99  3817.        0   0.000    0                  0     0     0     0     0     0
    130     99    100  3817.        0   0.000    0                  0     0     0     0     0     0
    131    100    101  3817.        0   0.000    0                  0     0     0     0     0     0
    132    101    102  3817.        0   0.000    0                  0     0     0     0     0     0
    133    102     23  3817.        0   0.000    0                  0     0     0     0     0     0
    134    103    104  3608.        0   0.000    0                  0     0     0     0     0     0
    135    104    105  3608.        0   0.000    0                  0     0     0     0     0     0
    136    105    106  3608.        0   0.000    0                  0     0     0     0     0     0
    137    106    107  3608.        0   0.000    0                  0     0     0     0     0     0
    138    107    108  3608.        0   0.000    0                  0     0     0     0     0     0
    139    108    109  3608.        0   0.000    0                  0     0     0     0     0     0
    140    109    110  3608.        0   0.000    0                  0     0     0     0     0     0
 
 NUMBER    KEYPOINTS    LENGTH   (NDIV)(SPACE) KYND NDIV  SPACE  #NODE #ELEM   MAT  REAL  TYP  ESYS
    141    110    111  3608.        0   0.000    0                  0     0     0     0     0     0
    142    111    112  3608.        0   0.000    0                  0     0     0     0     0     0
    143    112    113  3608.        0   0.000    0                  0     0     0     0     0     0
    144    113    114  3608.        0   0.000    0                  0     0     0     0     0     0
    145    114    115  3608.        0   0.000    0                  0     0     0     0     0     0
    146    115    116  3608.        0   0.000    0                  0     0     0     0     0     0
    147    116    117  3608.        0   0.000    0                  0     0     0     0     0     0
    148    117    118  3608.        0   0.000    0                  0     0     0     0     0     0
    149    118    119  3608.        0   0.000    0                  0     0     0     0     0     0
    150    119    120  3608.        0   0.000    0                  0     0     0     0     0     0
    151    120    121  3608.        0   0.000    0                  0     0     0     0     0     0
    152    121    122  3608.        0   0.000    0                  0     0     0     0     0     0
    153    122    123  3608.        0   0.000    0                  0     0     0     0     0     0
    154    123    124  3608.        0   0.000    0                  0     0     0     0     0     0
    155    124    125  3608.        0   0.000    0                  0     0     0     0     0     0
    156    125    126  3608.        0   0.000    0                  0     0     0     0     0     0
    157    126     25  3608.        0   0.000    0                  0     0     0     0     0     0
    158    127    128  3392.        0   0.000    0                  0     0     0     0     0     0
    159    128    129  3392.        0   0.000    0                  0     0     0     0     0     0
    160    129    130  3392.        0   0.000    0                  0     0     0     0     0     0
 
 NUMBER    KEYPOINTS    LENGTH   (NDIV)(SPACE) KYND NDIV  SPACE  #NODE #ELEM   MAT  REAL  TYP  ESYS
    161    130    131  3392.        0   0.000    0                  0     0     0     0     0     0
    162    131    132  3392.        0   0.000    0                  0     0     0     0     0     0
    163    132    133  3392.        0   0.000    0                  0     0     0     0     0     0
    164    133    134  3392.        0   0.000    0                  0     0     0     0     0     0
    165    134    135  3392.        0   0.000    0                  0     0     0     0     0     0
    166    135    136  3392.        0   0.000    0                  0     0     0     0     0     0
    167    136    137  3392.        0   0.000    0                  0     0     0     0     0     0
    168    137    138  3392.        0   0.000    0                  0     0     0     0     0     0
    169    138    139  3392.        0   0.000    0                  0     0     0     0     0     0
    170    139    140  3392.        0   0.000    0                  0     0     0     0     0     0
    171    140    141  3392.        0   0.000    0                  0     0     0     0     0     0
    172    141    142  3392.        0   0.000    0                  0     0     0     0     0     0
    173    142    143  3392.        0   0.000    0                  0     0     0     0     0     0
    174    143    144  3392.        0   0.000    0                  0     0     0     0     0     0
    175    144    145  3392.        0   0.000    0                  0     0     0     0     0     0
    176    145    146  3392.        0   0.000    0                  0     0     0     0     0     0
    177    146    147  3392.        0   0.000    0                  0     0     0     0     0     0
    178    147    148  3392.        0   0.000    0                  0     0     0     0     0     0
    179    148    149  3392.        0   0.000    0                  0     0     0     0     0     0
    180    149    150  3392.        0   0.000    0                  0     0     0     0     0     0
 
 NUMBER    KEYPOINTS    LENGTH   (NDIV)(SPACE) KYND NDIV  SPACE  #NODE #ELEM   MAT  REAL  TYP  ESYS
    181    150     27  3392.        0   0.000    0                  0     0     0     0     0     0
    182    151    152  3172.        0   0.000    0                  0     0     0     0     0     0
    183    152    153  3172.        0   0.000    0                  0     0     0     0     0     0
    184    153    154  3172.        0   0.000    0                  0     0     0     0     0     0
    185    154    155  3172.        0   0.000    0                  0     0     0     0     0     0
    186    155    156  3172.        0   0.000    0                  0     0     0     0     0     0
    187    156    157  3172.        0   0.000    0                  0     0     0     0     0     0
    188    157    158  3172.        0   0.000    0                  0     0     0     0     0     0
    189    158    159  3172.        0   0.000    0                  0     0     0     0     0     0
    190    159    160  3172.        0   0.000    0                  0     0     0     0     0     0
    191    160    161  3172.        0   0.000    0                  0     0     0     0     0     0
    192    161    162  3172.        0   0.000    0                  0     0     0     0     0     0
    193    162    163  3172.        0   0.000    0                  0     0     0     0     0     0
    194    163    164  3172.        0   0.000    0                  0     0     0     0     0     0
    195    164    165  3172.        0   0.000    0                  0     0     0     0     0     0
    196    165    166  3172.        0   0.000    0                  0     0     0     0     0     0
    197    166    167  3172.        0   0.000    0                  0     0     0     0     0     0
    198    167    168  3172.        0   0.000    0                  0     0     0     0     0     0
    199    168    169  3172.        0   0.000    0                  0     0     0     0     0     0
    200    169    170  3172.        0   0.000    0                  0     0     0     0     0     0
 
 NUMBER    KEYPOINTS    LENGTH   (NDIV)(SPACE) KYND NDIV  SPACE  #NODE #ELEM   MAT  REAL  TYP  ESYS
    201    170    171  3172.        0   0.000    0                  0     0     0     0     0     0
    202    171    172  3172.        0   0.000    0                  0     0     0     0     0     0
    203    172    173  3172.        0   0.000    0                  0     0     0     0     0     0
    204    173    174  3172.        0   0.000    0                  0     0     0     0     0     0
    205    174     29  3172.        0   0.000    0                  0     0     0     0     0     0
    206    175    176  2947.        0   0.000    0                  0     0     0     0     0     0
    207    176    177  2947.        0   0.000    0                  0     0     0     0     0     0
    208    177    178  2947.        0   0.000    0                  0     0     0     0     0     0
    209    178    179  2947.        0   0.000    0                  0     0     0     0     0     0
    210    179    180  2947.        0   0.000    0                  0     0     0     0     0     0
    211    180    181  2947.        0   0.000    0                  0     0     0     0     0     0
    212    181    182  2947.        0   0.000    0                  0     0     0     0     0     0
    213    182    183  2947.        0   0.000    0                  0     0     0     0     0     0
    214    183    184  2947.        0   0.000    0                  0     0     0     0     0     0
    215    184    185  2947.        0   0.000    0                  0     0     0     0     0     0
    216    185    186  2947.        0   0.000    0                  0     0     0     0     0     0
    217    186    187  2947.        0   0.000    0                  0     0     0     0     0     0
    218    187    188  2947.        0   0.000    0                  0     0     0     0     0     0
    219    188    189  2947.        0   0.000    0                  0     0     0     0     0     0
    220    189    190  2947.        0   0.000    0                  0     0     0     0     0     0
 
 NUMBER    KEYPOINTS    LENGTH   (NDIV)(SPACE) KYND NDIV  SPACE  #NODE #ELEM   MAT  REAL  TYP  ESYS
    221    190    191  2947.        0   0.000    0                  0     0     0     0     0     0
    222    191    192  2947.        0   0.000    0                  0     0     0     0     0     0
    223    192    193  2947.        0   0.000    0                  0     0     0     0     0     0
    224    193    194  2947.        0   0.000    0                  0     0     0     0     0     0
    225    194    195  2947.        0   0.000    0                  0     0     0     0     0     0
    226    195    196  2947.        0   0.000    0                  0     0     0     0     0     0
    227    196    197  2947.        0   0.000    0                  0     0     0     0     0     0
    228    197    198  2947.        0   0.000    0                  0     0     0     0     0     0
    229    198     31  2947.        0   0.000    0                  0     0     0     0     0     0
    230    199    200  2717.        0   0.000    0                  0     0     0     0     0     0
    231    200    201  2717.        0   0.000    0                  0     0     0     0     0     0
    232    201    202  2717.        0   0.000    0                  0     0     0     0     0     0
    233    202    203  2717.        0   0.000    0                  0     0     0     0     0     0
    234    203    204  2717.        0   0.000    0                  0     0     0     0     0     0
    235    204    205  2717.        0   0.000    0                  0     0     0     0     0     0
    236    205    206  2717.        0   0.000    0                  0     0     0     0     0     0
    237    206    207  2717.        0   0.000    0                  0     0     0     0     0     0
    238    207    208  2717.        0   0.000    0                  0     0     0     0     0     0
    239    208    209  2717.        0   0.000    0                  0     0     0     0     0     0
    240    209    210  2717.        0   0.000    0                  0     0     0     0     0     0
 
 NUMBER    KEYPOINTS    LENGTH   (NDIV)(SPACE) KYND NDIV  SPACE  #NODE #ELEM   MAT  REAL  TYP  ESYS
    241    210    211  2717.        0   0.000    0                  0     0     0     0     0     0
    242    211    212  2717.        0   0.000    0                  0     0     0     0     0     0
    243    212    213  2717.        0   0.000    0                  0     0     0     0     0     0
    244    213    214  2717.        0   0.000    0                  0     0     0     0     0     0
    245    214    215  2717.        0   0.000    0                  0     0     0     0     0     0
    246    215    216  2717.        0   0.000    0                  0     0     0     0     0     0
    247    216    217  2717.        0   0.000    0                  0     0     0     0     0     0
    248    217    218  2717.        0   0.000    0                  0     0     0     0     0     0
    249    218    219  2717.        0   0.000    0                  0     0     0     0     0     0
    250    219    220  2717.        0   0.000    0                  0     0     0     0     0     0
    251    220    221  2717.        0   0.000    0                  0     0     0     0     0     0
    252    221    222  2717.        0   0.000    0                  0     0     0     0     0     0
    253    222     33  2717.        0   0.000    0                  0     0     0     0     0     0
    254    223    224  2484.        0   0.000    0                  0     0     0     0     0     0
    255    224    225  2484.        0   0.000    0                  0     0     0     0     0     0
    256    225    226  2484.        0   0.000    0                  0     0     0     0     0     0
    257    226    227  2484.        0   0.000    0                  0     0     0     0     0     0
    258    227    228  2484.        0   0.000    0                  0     0     0     0     0     0
    259    228    229  2484.        0   0.000    0                  0     0     0     0     0     0
    260    229    230  2484.        0   0.000    0                  0     0     0     0     0     0
 
 NUMBER    KEYPOINTS    LENGTH   (NDIV)(SPACE) KYND NDIV  SPACE  #NODE #ELEM   MAT  REAL  TYP  ESYS
    261    230    231  2484.        0   0.000    0                  0     0     0     0     0     0
    262    231    232  2484.        0   0.000    0                  0     0     0     0     0     0
    263    232    233  2484.        0   0.000    0                  0     0     0     0     0     0
    264    233    234  2484.        0   0.000    0                  0     0     0     0     0     0
    265    234    235  2484.        0   0.000    0                  0     0     0     0     0     0
    266    235    236  2484.        0   0.000    0                  0     0     0     0     0     0
    267    236    237  2484.        0   0.000    0                  0     0     0     0     0     0
    268    237    238  2484.        0   0.000    0                  0     0     0     0     0     0
    269    238    239  2484.        0   0.000    0                  0     0     0     0     0     0
    270    239    240  2484.        0   0.000    0                  0     0     0     0     0     0
    271    240    241  2484.        0   0.000    0                  0     0     0     0     0     0
    272    241    242  2484.        0   0.000    0                  0     0     0     0     0     0
    273    242    243  2484.        0   0.000    0                  0     0     0     0     0     0
    274    243    244  2484.        0   0.000    0                  0     0     0     0     0     0
    275    244    245  2484.        0   0.000    0                  0     0     0     0     0     0
    276    245    246  2484.        0   0.000    0                  0     0     0     0     0     0
    277    246     35  2484.        0   0.000    0                  0     0     0     0     0     0
    278    247    248  2246.        0   0.000    0                  0     0     0     0     0     0
    279    248    249  2246.        0   0.000    0                  0     0     0     0     0     0
    280    249    250  2246.        0   0.000    0                  0     0     0     0     0     0
 
 NUMBER    KEYPOINTS    LENGTH   (NDIV)(SPACE) KYND NDIV  SPACE  #NODE #ELEM   MAT  REAL  TYP  ESYS
    281    250    251  2246.        0   0.000    0                  0     0     0     0     0     0
    282    251    252  2246.        0   0.000    0                  0     0     0     0     0     0
    283    252    253  2246.        0   0.000    0                  0     0     0     0     0     0
    284    253    254  2246.        0   0.000    0                  0     0     0     0     0     0
    285    254    255  2246.        0   0.000    0                  0     0     0     0     0     0
    286    255    256  2246.        0   0.000    0                  0     0     0     0     0     0
    287    256    257  2246.        0   0.000    0                  0     0     0     0     0     0
    288    257    258  2246.        0   0.000    0                  0     0     0     0     0     0
    289    258    259  2246.        0   0.000    0                  0     0     0     0     0     0
    290    259    260  2246.        0   0.000    0                  0     0     0     0     0     0
    291    260    261  2246.        0   0.000    0                  0     0     0     0     0     0
    292    261    262  2246.        0   0.000    0                  0     0     0     0     0     0
    293    262    263  2246.        0   0.000    0                  0     0     0     0     0     0
    294    263    264  2246.        0   0.000    0                  0     0     0     0     0     0
    295    264    265  2246.        0   0.000    0                  0     0     0     0     0     0
    296    265    266  2246.        0   0.000    0                  0     0     0     0     0     0
    297    266    267  2246.        0   0.000    0                  0     0     0     0     0     0
    298    267    268  2246.        0   0.000    0                  0     0     0     0     0     0
    299    268    269  2246.        0   0.000    0                  0     0     0     0     0     0
    300    269    270  2246.        0   0.000    0                  0     0     0     0     0     0
 
 NUMBER    KEYPOINTS    LENGTH   (NDIV)(SPACE) KYND NDIV  SPACE  #NODE #ELEM   MAT  REAL  TYP  ESYS
    301    270     37  2246.        0   0.000    0                  0     0     0     0     0     0
    302    271    272  2005.        0   0.000    0                  0     0     0     0     0     0
    303    272    273  2005.        0   0.000    0                  0     0     0     0     0     0
    304    273    274  2005.        0   0.000    0                  0     0     0     0     0     0
    305    274    275  2005.        0   0.000    0                  0     0     0     0     0     0
    306    275    276  2005.        0   0.000    0                  0     0     0     0     0     0
    307    276    277  2005.        0   0.000    0                  0     0     0     0     0     0
    308    277    278  2005.        0   0.000    0                  0     0     0     0     0     0
    309    278    279  2005.        0   0.000    0                  0     0     0     0     0     0
    310    279    280  2005.        0   0.000    0                  0     0     0     0     0     0
    311    280    281  2005.        0   0.000    0                  0     0     0     0     0     0
    312    281    282  2005.        0   0.000    0                  0     0     0     0     0     0
    313    282    283  2005.        0   0.000    0                  0     0     0     0     0     0
    314    283    284  2005.        0   0.000    0                  0     0     0     0     0     0
    315    284    285  2005.        0   0.000    0                  0     0     0     0     0     0
    316    285    286  2005.        0   0.000    0                  0     0     0     0     0     0
    317    286    287  2005.        0   0.000    0                  0     0     0     0     0     0
    318    287    288  2005.        0   0.000    0                  0     0     0     0     0     0
    319    288    289  2005.        0   0.000    0                  0     0     0     0     0     0
    320    289    290  2005.        0   0.000    0                  0     0     0     0     0     0
 
 NUMBER    KEYPOINTS    LENGTH   (NDIV)(SPACE) KYND NDIV  SPACE  #NODE #ELEM   MAT  REAL  TYP  ESYS
    321    290    291  2005.        0   0.000    0                  0     0     0     0     0     0
    322    291    292  2005.        0   0.000    0                  0     0     0     0     0     0
    323    292    293  2005.        0   0.000    0                  0     0     0     0     0     0
    324    293    294  2005.        0   0.000    0                  0     0     0     0     0     0
    325    294     39  2005.        0   0.000    0                  0     0     0     0     0     0
    326    295    296  1761.        0   0.000    0                  0     0     0     0     0     0
    327    296    297  1761.        0   0.000    0                  0     0     0     0     0     0
    328    297    298  1761.        0   0.000    0                  0     0     0     0     0     0
    329    298    299  1761.        0   0.000    0                  0     0     0     0     0     0
    330    299    300  1761.        0   0.000    0                  0     0     0     0     0     0
    331    300    301  1761.        0   0.000    0                  0     0     0     0     0     0
    332    301    302  1761.        0   0.000    0                  0     0     0     0     0     0
    333    302    303  1761.        0   0.000    0                  0     0     0     0     0     0
    334    303    304  1761.        0   0.000    0                  0     0     0     0     0     0
    335    304    305  1761.        0   0.000    0                  0     0     0     0     0     0
    336    305    306  1761.        0   0.000    0                  0     0     0     0     0     0
    337    306    307  1761.        0   0.000    0                  0     0     0     0     0     0
    338    307    308  1761.        0   0.000    0                  0     0     0     0     0     0
    339    308    309  1761.        0   0.000    0                  0     0     0     0     0     0
    340    309    310  1761.        0   0.000    0                  0     0     0     0     0     0
 
 NUMBER    KEYPOINTS    LENGTH   (NDIV)(SPACE) KYND NDIV  SPACE  #NODE #ELEM   MAT  REAL  TYP  ESYS
    341    310    311  1761.        0   0.000    0                  0     0     0     0     0     0
    342    311    312  1761.        0   0.000    0                  0     0     0     0     0     0
    343    312    313  1761.        0   0.000    0                  0     0     0     0     0     0
    344    313    314  1761.        0   0.000    0                  0     0     0     0     0     0
    345    314    315  1761.        0   0.000    0                  0     0     0     0     0     0
    346    315    316  1761.        0   0.000    0                  0     0     0     0     0     0
    347    316    317  1761.        0   0.000    0                  0     0     0     0     0     0
    348    317    318  1761.        0   0.000    0                  0     0     0     0     0     0
    349    318     41  1761.        0   0.000    0                  0     0     0     0     0     0
    350    319    320  1515.        0   0.000    0                  0     0     0     0     0     0
    351    320    321  1515.        0   0.000    0                  0     0     0     0     0     0
    352    321    322  1515.        0   0.000    0                  0     0     0     0     0     0
    353    322    323  1515.        0   0.000    0                  0     0     0     0     0     0
    354    323    324  1515.        0   0.000    0                  0     0     0     0     0     0
    355    324    325  1515.        0   0.000    0                  0     0     0     0     0     0
    356    325    326  1515.        0   0.000    0                  0     0     0     0     0     0
    357    326    327  1515.        0   0.000    0                  0     0     0     0     0     0
    358    327    328  1515.        0   0.000    0                  0     0     0     0     0     0
    359    328    329  1515.        0   0.000    0                  0     0     0     0     0     0
    360    329    330  1515.        0   0.000    0                  0     0     0     0     0     0
 
 NUMBER    KEYPOINTS    LENGTH   (NDIV)(SPACE) KYND NDIV  SPACE  #NODE #ELEM   MAT  REAL  TYP  ESYS
    361    330    331  1515.        0   0.000    0                  0     0     0     0     0     0
    362    331    332  1515.        0   0.000    0                  0     0     0     0     0     0
    363    332    333  1515.        0   0.000    0                  0     0     0     0     0     0
    364    333    334  1515.        0   0.000    0                  0     0     0     0     0     0
    365    334    335  1515.        0   0.000    0                  0     0     0     0     0     0
    366    335    336  1515.        0   0.000    0                  0     0     0     0     0     0
    367    336    337  1515.        0   0.000    0                  0     0     0     0     0     0
    368    337    338  1515.        0   0.000    0                  0     0     0     0     0     0
    369    338    339  1515.        0   0.000    0                  0     0     0     0     0     0
    370    339    340  1515.        0   0.000    0                  0     0     0     0     0     0
    371    340    341  1515.        0   0.000    0                  0     0     0     0     0     0
    372    341    342  1515.        0   0.000    0                  0     0     0     0     0     0
    373    342     43  1515.        0   0.000    0                  0     0     0     0     0     0
    374    343    344  1266.        0   0.000    0                  0     0     0     0     0     0
    375    344    345  1266.        0   0.000    0                  0     0     0     0     0     0
    376    345    346  1266.        0   0.000    0                  0     0     0     0     0     0
    377    346    347  1266.        0   0.000    0                  0     0     0     0     0     0
    378    347    348  1266.        0   0.000    0                  0     0     0     0     0     0
    379    348    349  1266.        0   0.000    0                  0     0     0     0     0     0
    380    349    350  1266.        0   0.000    0                  0     0     0     0     0     0
 
 NUMBER    KEYPOINTS    LENGTH   (NDIV)(SPACE) KYND NDIV  SPACE  #NODE #ELEM   MAT  REAL  TYP  ESYS
    381    350    351  1266.        0   0.000    0                  0     0     0     0     0     0
    382    351    352  1266.        0   0.000    0                  0     0     0     0     0     0
    383    352    353  1266.        0   0.000    0                  0     0     0     0     0     0
    384    353    354  1266.        0   0.000    0                  0     0     0     0     0     0
    385    354    355  1266.        0   0.000    0                  0     0     0     0     0     0
    386    355    356  1266.        0   0.000    0                  0     0     0     0     0     0
    387    356    357  1266.        0   0.000    0                  0     0     0     0     0     0
    388    357    358  1266.        0   0.000    0                  0     0     0     0     0     0
    389    358    359  1266.        0   0.000    0                  0     0     0     0     0     0
    390    359    360  1266.        0   0.000    0                  0     0     0     0     0     0
    391    360    361  1266.        0   0.000    0                  0     0     0     0     0     0
    392    361    362  1266.        0   0.000    0                  0     0     0     0     0     0
    393    362    363  1266.        0   0.000    0                  0     0     0     0     0     0
    394    363    364  1266.        0   0.000    0                  0     0     0     0     0     0
    395    364    365  1266.        0   0.000    0                  0     0     0     0     0     0
    396    365    366  1266.        0   0.000    0                  0     0     0     0     0     0
    397    366     45  1266.        0   0.000    0                  0     0     0     0     0     0
    398    367    368  1015.        0   0.000    0                  0     0     0     0     0     0
    399    368    369  1015.        0   0.000    0                  0     0     0     0     0     0
    400    369    370  1015.        0   0.000    0                  0     0     0     0     0     0
 
 NUMBER    KEYPOINTS    LENGTH   (NDIV)(SPACE) KYND NDIV  SPACE  #NODE #ELEM   MAT  REAL  TYP  ESYS
    401    370    371  1015.        0   0.000    0                  0     0     0     0     0     0
    402    371    372  1015.        0   0.000    0                  0     0     0     0     0     0
    403    372    373  1015.        0   0.000    0                  0     0     0     0     0     0
    404    373    374  1015.        0   0.000    0                  0     0     0     0     0     0
    405    374    375  1015.        0   0.000    0                  0     0     0     0     0     0
    406    375    376  1015.        0   0.000    0                  0     0     0     0     0     0
    407    376    377  1015.        0   0.000    0                  0     0     0     0     0     0
    408    377    378  1015.        0   0.000    0                  0     0     0     0     0     0
    409    378    379  1015.        0   0.000    0                  0     0     0     0     0     0
    410    379    380  1015.        0   0.000    0                  0     0     0     0     0     0
    411    380    381  1015.        0   0.000    0                  0     0     0     0     0     0
    412    381    382  1015.        0   0.000    0                  0     0     0     0     0     0
    413    382    383  1015.        0   0.000    0                  0     0     0     0     0     0
    414    383    384  1015.        0   0.000    0                  0     0     0     0     0     0
    415    384    385  1015.        0   0.000    0                  0     0     0     0     0     0
    416    385    386  1015.        0   0.000    0                  0     0     0     0     0     0
    417    386    387  1015.        0   0.000    0                  0     0     0     0     0     0
    418    387    388  1015.        0   0.000    0                  0     0     0     0     0     0
    419    388    389  1015.        0   0.000    0                  0     0     0     0     0     0
    420    389    390  1015.        0   0.000    0                  0     0     0     0     0     0
 
 NUMBER    KEYPOINTS    LENGTH   (NDIV)(SPACE) KYND NDIV  SPACE  #NODE #ELEM   MAT  REAL  TYP  ESYS
    421    390     47  1015.        0   0.000    0                  0     0     0     0     0     0
    422    391    392  762.5        0   0.000    0                  0     0     0     0     0     0
    423    392    393  762.5        0   0.000    0                  0     0     0     0     0     0
    424    393    394  762.5        0   0.000    0                  0     0     0     0     0     0
    425    394    395  762.5        0   0.000    0                  0     0     0     0     0     0
    426    395    396  762.5        0   0.000    0                  0     0     0     0     0     0
    427    396    397  762.5        0   0.000    0                  0     0     0     0     0     0
    428    397    398  762.5        0   0.000    0                  0     0     0     0     0     0
    429    398    399  762.5        0   0.000    0                  0     0     0     0     0     0
    430    399    400  762.5        0   0.000    0                  0     0     0     0     0     0
    431    400    401  762.5        0   0.000    0                  0     0     0     0     0     0
    432    401    402  762.5        0   0.000    0                  0     0     0     0     0     0
    433    402    403  762.5        0   0.000    0                  0     0     0     0     0     0
    434    403    404  762.5        0   0.000    0                  0     0     0     0     0     0
    435    404    405  762.5        0   0.000    0                  0     0     0     0     0     0
    436    405    406  762.5        0   0.000    0                  0     0     0     0     0     0
    437    406    407  762.5        0   0.000    0                  0     0     0     0     0     0
    438    407    408  762.5        0   0.000    0                  0     0     0     0     0     0
    439    408    409  762.5        0   0.000    0                  0     0     0     0     0     0
    440    409    410  762.5        0   0.000    0                  0     0     0     0     0     0
 
 NUMBER    KEYPOINTS    LENGTH   (NDIV)(SPACE) KYND NDIV  SPACE  #NODE #ELEM   MAT  REAL  TYP  ESYS
    441    410    411  762.5        0   0.000    0                  0     0     0     0     0     0
    442    411    412  762.5        0   0.000    0                  0     0     0     0     0     0
    443    412    413  762.5        0   0.000    0                  0     0     0     0     0     0
    444    413    414  762.5        0   0.000    0                  0     0     0     0     0     0
    445    414     49  762.5        0   0.000    0                  0     0     0     0     0     0
    446    415    416  509.0        0   0.000    0                  0     0     0     0     0     0
    447    416    417  509.0        0   0.000    0                  0     0     0     0     0     0
    448    417    418  509.0        0   0.000    0                  0     0     0     0     0     0
    449    418    419  509.0        0   0.000    0                  0     0     0     0     0     0
    450    419    420  509.0        0   0.000    0                  0     0     0     0     0     0
    451    420    421  509.0        0   0.000    0                  0     0     0     0     0     0
    452    421    422  509.0        0   0.000    0                  0     0     0     0     0     0
    453    422    423  509.0        0   0.000    0                  0     0     0     0     0     0
    454    423    424  509.0        0   0.000    0                  0     0     0     0     0     0
    455    424    425  509.0        0   0.000    0                  0     0     0     0     0     0
    456    425    426  509.0        0   0.000    0                  0     0     0     0     0     0
    457    426    427  509.0        0   0.000    0                  0     0     0     0     0     0
    458    427    428  509.0        0   0.000    0                  0     0     0     0     0     0
    459    428    429  509.0        0   0.000    0                  0     0     0     0     0     0
    460    429    430  509.0        0   0.000    0                  0     0     0     0     0     0
 
 NUMBER    KEYPOINTS    LENGTH   (NDIV)(SPACE) KYND NDIV  SPACE  #NODE #ELEM   MAT  REAL  TYP  ESYS
    461    430    431  509.0        0   0.000    0                  0     0     0     0     0     0
    462    431    432  509.0        0   0.000    0                  0     0     0     0     0     0
    463    432    433  509.0        0   0.000    0                  0     0     0     0     0     0
    464    433    434  509.0        0   0.000    0                  0     0     0     0     0     0
    465    434    435  509.0        0   0.000    0                  0     0     0     0     0     0
    466    435    436  509.0        0   0.000    0                  0     0     0     0     0     0
    467    436    437  509.0        0   0.000    0                  0     0     0     0     0     0
    468    437    438  509.0        0   0.000    0                  0     0     0     0     0     0
    469    438     51  509.0        0   0.000    0                  0     0     0     0     0     0
    470    439    440  254.7        0   0.000    0                  0     0     0     0     0     0
    471    440    441  254.7        0   0.000    0                  0     0     0     0     0     0
    472    441    442  254.7        0   0.000    0                  0     0     0     0     0     0
    473    442    443  254.7        0   0.000    0                  0     0     0     0     0     0
    474    443    444  254.7        0   0.000    0                  0     0     0     0     0     0
    475    444    445  254.7        0   0.000    0                  0     0     0     0     0     0
    476    445    446  254.7        0   0.000    0                  0     0     0     0     0     0
    477    446    447  254.7        0   0.000    0                  0     0     0     0     0     0
    478    447    448  254.7        0   0.000    0                  0     0     0     0     0     0
    479    448    449  254.7        0   0.000    0                  0     0     0     0     0     0
    480    449    450  254.7        0   0.000    0                  0     0     0     0     0     0
 
 NUMBER    KEYPOINTS    LENGTH   (NDIV)(SPACE) KYND NDIV  SPACE  #NODE #ELEM   MAT  REAL  TYP  ESYS
    481    450    451  254.7        0   0.000    0                  0     0     0     0     0     0
    482    451    452  254.7        0   0.000    0                  0     0     0     0     0     0
    483    452    453  254.7        0   0.000    0                  0     0     0     0     0     0
    484    453    454  254.7        0   0.000    0                  0     0     0     0     0     0
    485    454    455  254.7        0   0.000    0                  0     0     0     0     0     0
    486    455    456  254.7        0   0.000    0                  0     0     0     0     0     0
    487    456    457  254.7        0   0.000    0                  0     0     0     0     0     0
    488    457    458  254.7        0   0.000    0                  0     0     0     0     0     0
    489    458    459  254.7        0   0.000    0                  0     0     0     0     0     0
    490    459    460  254.7        0   0.000    0                  0     0     0     0     0     0
    491    460    461  254.7        0   0.000    0                  0     0     0     0     0     0
    492    461    462  254.7        0   0.000    0                  0     0     0     0     0     0
    493    462     53  254.7        0   0.000    0                  0     0     0     0     0     0

