
 LIST ALL SELECTED LINES.
 
    NO.     KEYPOINTS     RADIUS
     1       1     2    0.0000    
     2       3     4    0.0000    
     3       5     6    0.0000    
     4       7     8    0.0000    
     5       9    10    0.0000    
     6      11    12    0.0000    
     7      13    14    0.0000    
     8      15    16    0.0000    
     9      17    18    0.0000    
    10      19    20    0.0000    
    11      21    22    0.0000    
    12      23    24    0.0000    
    13      25    26    0.0000    
    14      27    28    0.0000    
    15      29    30    0.0000    
    16      31    32    0.0000    
    17      33    31    0.0000    
    18      31    34    0.0000    
    19      35    31    0.0000    
    20      31    36    0.0000    
 
    NO.     KEYPOINTS     RADIUS
    21      37    31    0.0000    
    22      31    38    0.0000    
    23      39    31    0.0000    
    24      40    41    0.0000    
    25      42    40    0.0000    
    26      40    43    0.0000    
    27      44    40    0.0000    
    28      40    45    0.0000    
    29      46    40    0.0000    
    30      40    47    0.0000    
    31      48    40    0.0000    
    32      49    50    0.0000    
    33      51    52    0.0000    
    34      52    53    0.0000    
    35      51    54    0.0000    
    36      55    56    0.0000    
    37      57    58    0.0000    
    38      59    60    0.0000    
    39      61    62    0.0000    
    40      63    64    0.0000    
 
    NO.     KEYPOINTS     RADIUS
    41      65    66    0.0000    
    42      67    68    0.0000    
    43      69    70    0.0000    
    44      71    72    0.0000    
    45      73    74    0.0000    
    46      75    76    0.0000    
    47      77    78    0.0000    
    48      79    80    0.0000    
    49      81    82    0.0000    
    50      83    84    0.0000    
    51      85    86    0.0000    
    52      87    88    0.0000    
    53      89    90    0.0000    
    54      91    92    0.0000    
    55      93    94    0.0000    
    56      95    96    0.0000    
    57      97    98    0.0000    
    58      99   100    0.0000    
    59     101   102    0.0000    
    60     103   104    0.0000    
 
    NO.     KEYPOINTS     RADIUS
    61     105   106    0.0000    
    62     107   108    0.0000    
    63     109   110    0.0000    
    64     111   112    0.0000    
    65     113   114    0.0000    
    66     115   116    0.0000    
    67     117   118    0.0000    
    68     119   120    0.0000    
    69     121   122    0.0000    
    70     123   124    0.0000    
    71     125   126    0.0000    
    72     127   128    0.0000    
    73     129   130    0.0000    
    74     131   132    0.0000    
    75     133   134    0.0000    
    76     135   136    0.0000    
    77     137   138    0.0000    
    78     139   140    0.0000    
    79     141   142    0.0000    
    80     143   144    0.0000    
 
    NO.     KEYPOINTS     RADIUS
    81     145   146    0.0000    
    82     147   148    0.0000    
    83     149   150    0.0000    
    84     151   152    0.0000    
    85     153   154    0.0000    
    86     155   156    0.0000    
    87     157   158    0.0000    
    88     159   160    0.0000    
    89     161   162    0.0000    
    90     163   164    0.0000    
    91     165   166    0.0000    
    92     167   168    0.0000    
    93     169   170    0.0000    
    94     171   172    0.0000    
    95     173   174    0.0000    
    96     175   176    0.0000    
    97     177   178    0.0000    
    98     179   180    0.0000    
    99     181   182    0.0000    
   100     183   184    0.0000    
 
    NO.     KEYPOINTS     RADIUS
   101     185   186    0.0000    
   102     108   128    0.0000    
   103     154   187    0.0000    
   104     188   189    0.0000    
   105     190   191    0.0000    
   106     192   193    0.0000    
   107     194   195    0.0000    
   108     196   197    0.0000    
   109     198   199    0.0000    
   110     200   201    0.0000    
   111     202   203    0.0000    
   112     204   205    0.0000    
   113     206   207    0.0000    
   114     208   209    0.0000    
   115     210   211    0.0000    
   116     212   213    0.0000    
   117     214   215    0.0000    
   118     216   217    0.0000    
   119     218   219    0.0000    
   120     107   127    0.0000    
 
    NO.     KEYPOINTS     RADIUS
   121      31   220    0.0000    
   122     221   222    0.0000    
   123      31   223    0.0000    
   124     221   224    0.0000    
   125     225   226    0.0000    
   126     226   227    0.0000    
   127     227   228    0.0000    
   128     228   225    0.0000    
   129     229   230    0.0000    
   130     230   231    0.0000    
   131     231   232    0.0000    
   132     232   229    0.0000    
   133     233   234    0.0000    
   134     234   235    0.0000    
   135     235   236    0.0000    
   136     236   233    0.0000    
   137     237   238    0.0000    
   138     238   239    0.0000    
   139     239   240    0.0000    
   140     240   237    0.0000    
 
    NO.     KEYPOINTS     RADIUS
   141     241   242    0.0000    
   142     242   243    0.0000    
   143     243   244    0.0000    
   144     244   241    0.0000    
   145     245   246    0.0000    
   146     246   247    0.0000    
   147     247   248    0.0000    
   148     248   245    0.0000    
   149     249   250    0.0000    
   150     250   251    0.0000    
   151     251   252    0.0000    
   152     252   249    0.0000    
   153     253   254    0.0000    
   154     254   255    0.0000    
   155     255   256    0.0000    
   156     256   253    0.0000    
   157     257   258    0.0000    
   158     258   259    0.0000    
   159     259   260    0.0000    
   160     260   257    0.0000    
 
    NO.     KEYPOINTS     RADIUS
   161     261   262    0.0000    
   162     262   263    0.0000    
   163     263   264    0.0000    
   164     264   261    0.0000    
   165     265   266    0.0000    
   166     266   267    0.0000    
   167     267   268    0.0000    
   168     268   265    0.0000    
   169     269   270    0.0000    
   170     270   271    0.0000    
   171     271   272    0.0000    
   172     272   269    0.0000    
   173     273   274    0.0000    
   174     274   275    0.0000    
   175     275   276    0.0000    
   176     276   273    0.0000    
   177     277   278    0.0000    
   178     278   279    0.0000    
   179     279   280    0.0000    
   180     280   277    0.0000    
 
    NO.     KEYPOINTS     RADIUS
   181     281   282    0.0000    
   182     282   283    0.0000    
   183     283   284    0.0000    
   184     284   281    0.0000    
   185     285   286    0.0000    
   186     286   287    0.0000    
   187     287   288    0.0000    
   188     288   285    0.0000    
   189     289   290    0.0000    
   190     290   291    0.0000    
   191     291   292    0.0000    
   192     292   289    0.0000    
   193     293   294    0.0000    
   194     294   295    0.0000    
   195     295   296    0.0000    
   196     296   293    0.0000    
   197     297   298    0.0000    
   198     298   299    0.0000    
   199     299   300    0.0000    
   200     300   297    0.0000    
 
    NO.     KEYPOINTS     RADIUS
   201     301   302    0.0000    
   202     302   303    0.0000    
   203     303   304    0.0000    
   204     304   301    0.0000    
   205     305   306    0.0000    
   206     306   307    0.0000    
   207     307   308    0.0000    
   208     308   305    0.0000    
   209     309   310    0.0000    
   210     310   311    0.0000    
   211     311   312    0.0000    
   212     312   309    0.0000    
   213     313   314    0.0000    
   214     314   315    0.0000    
   215     315   316    0.0000    
   216     316   313    0.0000    
   217     317   318    0.0000    
   218     318   319    0.0000    
   219     319   320    0.0000    
   220     320   317    0.0000    
 
    NO.     KEYPOINTS     RADIUS
   221     321   322    0.0000    
   222     322   323    0.0000    
   223     323   324    0.0000    
   224     324   321    0.0000    
   225     325   326    0.0000    
   226     326   327    0.0000    
   227     327   328    0.0000    
   228     328   325    0.0000    
   229     329   330    0.0000    
   230     330   331    0.0000    
   231     331   332    0.0000    
   232     332   329    0.0000    
   233     333   334    0.0000    
   234     334   335    0.0000    
   235     335   336    0.0000    
   236     336   333    0.0000    
   237     337   338    0.0000    
   238     338   339    0.0000    
   239     339   340    0.0000    
   240     340   337    0.0000    
 
    NO.     KEYPOINTS     RADIUS
   241     341   342    0.0000    
   242     342   343    0.0000    
   243     343   344    0.0000    
   244     344   341    0.0000    
   245     345   346    0.0000    
   246     346   347    0.0000    
   247     347   348    0.0000    
   248     348   345    0.0000    
   249     349   350    0.0000    
   250     350   351    0.0000    
   251     351   352    0.0000    
   252     352   349    0.0000    
   253     353   354    0.0000    
   254     354   355    0.0000    
   255     355   356    0.0000    
   256     356   353    0.0000    
   257     357   358    0.0000    
   258     358   359    0.0000    
   259     359   360    0.0000    
   260     360   357    0.0000    
 
    NO.     KEYPOINTS     RADIUS
   261     361   362    0.0000    
   262     362   363    0.0000    
   263     363   364    0.0000    
   264     364   361    0.0000    
   265     365   366    0.0000    
   266     366   367    0.0000    
   267     367   368    0.0000    
   268     368   365    0.0000    
   269     369   370    0.0000    
   270     370   371    0.0000    
   271     371   372    0.0000    
   272     372   369    0.0000    
   273     373   374    0.0000    
   274     374   375    0.0000    
   275     375   376    0.0000    
   276     376   373    0.0000    
   277     377   378    0.0000    
   278     378   379    0.0000    
   279     379   380    0.0000    
   280     380   377    0.0000    
 
    NO.     KEYPOINTS     RADIUS
   281     381   382    0.0000    
   282     382   383    0.0000    
   283     383   384    0.0000    
   284     384   381    0.0000    
   285     387   390   0.10059E+06
   286     393   394    0.0000    
   287     386   392   0.10059E+06
   288     385   388    0.0000    
   289     385   389    0.0000    
   290     386   391   0.10059E+06
   291     393   395    0.0000    
   292     387   396   0.10059E+06
   293     397   400   0.10409E+06
   294     401   428    64000.    
   295     421   450    96501.    
   296     401   429   0.10409E+06
   297     404   405   0.10246E+06
   298     412   431   0.10191E+06
   299     412   432    64000.    
   300     399   402   0.10408E+06
 
    NO.     KEYPOINTS     RADIUS
   301     407   408   0.10219E+06
   302     421   451    64000.    
   303     397   399    64000.    
   304     400   402   0.10409E+06
   305     398   403    64000.    
   306     410   411   0.10191E+06
   307     437   438    87744.    
   308     399   404    64000.    
   309     402   405   0.10409E+06
   310     403   406    64000.    
   311     413   414    97587.    
   312     450   451    92363.    
   313     404   407    64000.    
   314     405   408   0.10409E+06
   315     406   409    64000.    
   316     416   417    97056.    
   317     438   439    87744.    
   318     407   410    64000.    
   319     408   411   0.10409E+06
   320     409   412    64000.    
 
    NO.     KEYPOINTS     RADIUS
   321     419   420    96501.    
   322     430   488    64000.    
   323     410   413    64000.    
   324     411   414   0.10409E+06
   325     430   489    89483.    
   326     422   423    91088.    
   327     427   477    90300.    
   328     413   416    64000.    
   329     414   417   0.10409E+06
   330     452   453    92363.    
   331     425   426    90300.    
   332     427   478    64000.    
   333     416   419    64000.    
   334     417   420   0.10409E+06
   335     418   421    64000.    
   336     428   429    89483.    
   337     488   489    99050.    
   338     419   422    64000.    
   339     420   423   0.10409E+06
   340     459   460    94334.    
 
    NO.     KEYPOINTS     RADIUS
   341     431   432    85058.    
   342     422   425    64000.    
   343     423   426   0.10409E+06
   344     424   427    64000.    
   345     401   572    64000.    
   346     429   573    89483.    
   347     425   428    64000.    
   348     426   429   0.10409E+06
   349     415   443    97587.    
   350     415   444    64000.    
   351     433   434    85058.    
   352     398   433   0.10409E+06
   353     403   434   0.10408E+06
   354     443   444    90172.    
   355     434   435    85058.    
   356     406   435   0.10246E+06
   357     477   478    97667.    
   358     435   436    85058.    
   359     409   436   0.10219E+06
   360     460   461    94334.    
 
    NO.     KEYPOINTS     RADIUS
   361     431   436    85058.    
   362     445   446    90172.    
   363     439   440    87744.    
   364     468   469    96099.    
   365     440   441    87744.    
   366     431   441   0.10191E+06
   367     432   442    64000.    
   368     441   442    87744.    
   369     433   437   0.10409E+06
   370     434   438   0.10408E+06
   371     435   439   0.10246E+06
   372     436   440   0.10219E+06
   373     415   442    64000.    
   374     437   445   0.10409E+06
   375     438   446   0.10408E+06
   376     450   462    96501.    
   377     446   447    90172.    
   378     451   463    64000.    
   379     447   448    90172.    
   380     439   447   0.10246E+06
 
    NO.     KEYPOINTS     RADIUS
   381     462   463    94334.    
   382     448   449    90172.    
   383     500   501   0.10025E+06
   384     443   449    90172.    
   385     440   448   0.10219E+06
   386     441   449   0.10191E+06
   387     418   444    64000.    
   388     453   454    92363.    
   389     512   513   0.10129E+06
   390     454   455    92363.    
   391     469   470    96099.    
   392     455   456    92363.    
   393     536   537   0.10285E+06
   394     456   457    92363.    
   395     470   471    96099.    
   396     457   458    92363.    
   397     490   491    99050.    
   398     450   458    92363.    
   399     418   458    97056.    
   400     445   452   0.10409E+06
 
    NO.     KEYPOINTS     RADIUS
   401     446   453   0.10408E+06
   402     447   454   0.10246E+06
   403     448   455   0.10219E+06
   404     449   456   0.10191E+06
   405     443   457    97587.    
   406     471   472    96099.    
   407     461   464    94334.    
   408     524   525   0.10215E+06
   409     464   465    94334.    
   410     479   480    97667.    
   411     465   466    94334.    
   412     548   549   0.10340E+06
   413     466   467    94334.    
   414     452   459   0.10409E+06
   415     453   460   0.10408E+06
   416     480   481    97667.    
   417     462   467    94334.    
   418     454   461   0.10246E+06
   419     455   464   0.10219E+06
   420     456   465   0.10191E+06
 
    NO.     KEYPOINTS     RADIUS
   421     457   466    97587.    
   422     458   467    97056.    
   423     502   503   0.10025E+06
   424     560   561   0.10378E+06
   425     472   473    96099.    
   426     491   492    99050.    
   427     473   474    96099.    
   428     514   515   0.10129E+06
   429     474   475    96099.    
   430     459   468   0.10409E+06
   431     460   469   0.10408E+06
   432     461   470   0.10246E+06
   433     462   475    96501.    
   434     463   476    64000.    
   435     475   476    96099.    
   436     464   471   0.10219E+06
   437     465   472   0.10191E+06
   438     466   473    97587.    
   439     467   474    97056.    
   440     424   476    64000.    
 
    NO.     KEYPOINTS     RADIUS
   441     481   482    97667.    
   442     572   573   0.10401E+06
   443     482   483    97667.    
   444     503   504   0.10025E+06
   445     483   484    97667.    
   446     526   527   0.10215E+06
   447     484   485    97667.    
   448     504   505   0.10025E+06
   449     485   486    97667.    
   450     400   574   0.10409E+06
   451     486   487    97667.    
   452     505   506   0.10025E+06
   453     477   487    97667.    
   454     424   487    91088.    
   455     468   479   0.10409E+06
   456     469   480   0.10408E+06
   457     470   481   0.10246E+06
   458     471   482   0.10219E+06
   459     472   483   0.10191E+06
   460     473   484    97587.    
 
    NO.     KEYPOINTS     RADIUS
   461     474   485    97056.    
   462     475   486    96501.    
   463     430   478    64000.    
   464     492   493    99050.    
   465     493   494    99050.    
   466     515   516   0.10129E+06
   467     494   495    99050.    
   468     538   539   0.10285E+06
   469     495   496    99050.    
   470     516   517   0.10129E+06
   471     496   497    99050.    
   472     497   498    99050.    
   473     517   518   0.10129E+06
   474     498   499    99050.    
   475     489   499    99050.    
   476     479   490   0.10409E+06
   477     480   491   0.10408E+06
   478     481   492   0.10246E+06
   479     482   493   0.10219E+06
   480     483   494   0.10191E+06
 
    NO.     KEYPOINTS     RADIUS
   481     484   495    97587.    
   482     485   496    97056.    
   483     486   497    96501.    
   484     487   498    91088.    
   485     477   499    90300.    
   486     527   528   0.10215E+06
   487     506   507   0.10025E+06
   488     550   551   0.10340E+06
   489     507   508   0.10025E+06
   490     528   529   0.10215E+06
   491     508   509   0.10025E+06
   492     488   500    64000.    
   493     489   501    89483.    
   494     402   575   0.10408E+06
   495     509   510   0.10025E+06
   496     529   530   0.10215E+06
   497     510   511   0.10025E+06
   498     501   511   0.10025E+06
   499     490   502   0.10409E+06
   500     491   503   0.10408E+06
 
    NO.     KEYPOINTS     RADIUS
   501     492   504   0.10246E+06
   502     493   505   0.10219E+06
   503     494   506   0.10191E+06
   504     495   507    97587.    
   505     496   508    97056.    
   506     497   509    96501.    
   507     498   510    91088.    
   508     499   511    90300.    
   509     539   540   0.10285E+06
   510     518   519   0.10129E+06
   511     562   563   0.10378E+06
   512     519   520   0.10129E+06
   513     540   541   0.10285E+06
   514     520   521   0.10129E+06
   515     521   522   0.10129E+06
   516     541   542   0.10285E+06
   517     522   523   0.10129E+06
   518     513   523   0.10129E+06
   519     500   512    64000.    
   520     501   513    89483.    
 
    NO.     KEYPOINTS     RADIUS
   521     502   514   0.10409E+06
   522     503   515   0.10408E+06
   523     504   516   0.10246E+06
   524     505   517   0.10219E+06
   525     506   518   0.10191E+06
   526     507   519    97587.    
   527     508   520    97056.    
   528     509   521    96501.    
   529     510   522    91088.    
   530     511   523    90300.    
   531     551   552   0.10340E+06
   532     530   531   0.10215E+06
   533     574   575   0.10401E+06
   534     531   532   0.10215E+06
   535     552   553   0.10340E+06
   536     532   533   0.10215E+06
   537     405   576   0.10246E+06
   538     533   534   0.10215E+06
   539     553   554   0.10340E+06
   540     534   535   0.10215E+06
 
    NO.     KEYPOINTS     RADIUS
   541     525   535   0.10215E+06
   542     512   524    64000.    
   543     513   525    89483.    
   544     514   526   0.10409E+06
   545     515   527   0.10408E+06
   546     516   528   0.10246E+06
   547     517   529   0.10219E+06
   548     518   530   0.10191E+06
   549     519   531    97587.    
   550     520   532    97056.    
   551     521   533    96501.    
   552     522   534    91088.    
   553     523   535    90300.    
   554     563   564   0.10378E+06
   555     542   543   0.10285E+06
   556     543   544   0.10285E+06
   557     564   565   0.10378E+06
   558     544   545   0.10285E+06
   559     545   546   0.10285E+06
   560     565   566   0.10378E+06
 
    NO.     KEYPOINTS     RADIUS
   561     546   547   0.10285E+06
   562     537   547   0.10285E+06
   563     524   536    64000.    
   564     525   537    89483.    
   565     526   538   0.10409E+06
   566     527   539   0.10408E+06
   567     528   540   0.10246E+06
   568     529   541   0.10219E+06
   569     530   542   0.10191E+06
   570     531   543    97587.    
   571     532   544    97056.    
   572     533   545    96501.    
   573     534   546    91088.    
   574     535   547    90300.    
   575     575   576   0.10401E+06
   576     554   555   0.10340E+06
   577     408   577   0.10219E+06
   578     555   556   0.10340E+06
   579     576   577   0.10401E+06
   580     556   557   0.10340E+06
 
    NO.     KEYPOINTS     RADIUS
   581     411   578   0.10191E+06
   582     557   558   0.10340E+06
   583     577   578   0.10401E+06
   584     558   559   0.10340E+06
   585     549   559   0.10340E+06
   586     536   548    64000.    
   587     537   549    89483.    
   588     538   550   0.10409E+06
   589     539   551   0.10408E+06
   590     540   552   0.10246E+06
   591     541   553   0.10219E+06
   592     542   554   0.10191E+06
   593     543   555    97587.    
   594     544   556    97056.    
   595     545   557    96501.    
   596     546   558    91088.    
   597     547   559    90300.    
   598     566   567   0.10378E+06
   599     567   568   0.10378E+06
   600     568   569   0.10378E+06
 
    NO.     KEYPOINTS     RADIUS
   601     569   570   0.10378E+06
   602     570   571   0.10378E+06
   603     561   571   0.10378E+06
   604     548   560    64000.    
   605     549   561    89483.    
   606     550   562   0.10409E+06
   607     551   563   0.10408E+06
   608     552   564   0.10246E+06
   609     553   565   0.10219E+06
   610     554   566   0.10191E+06
   611     555   567    97587.    
   612     556   568    97056.    
   613     557   569    96501.    
   614     558   570    91088.    
   615     559   571    90300.    
   616     414   579    97587.    
   617     578   579   0.10401E+06
   618     417   580    97056.    
   619     579   580   0.10401E+06
   620     420   581    96501.    
 
    NO.     KEYPOINTS     RADIUS
   621     580   581   0.10401E+06
   622     423   582    91088.    
   623     581   582   0.10401E+06
   624     426   583    90300.    
   625     582   583   0.10401E+06
   626     573   583   0.10401E+06
   627     560   572    64000.    
   628     561   573    89483.    
   629     562   574   0.10409E+06
   630     563   575   0.10408E+06
   631     564   576   0.10246E+06
   632     565   577   0.10219E+06
   633     566   578   0.10191E+06
   634     567   579    97587.    
   635     568   580    97056.    
   636     569   581    96501.    
   637     570   582    91088.    
   638     571   583    90300.    

